In file included from [01m[K/home/advrob/elfin_ws/src/ar_track_alvar/ar_track_alvar/include/ar_track_alvar/Rotation.h:36[m[K,
                 from [01m[K/home/advrob/elfin_ws/src/ar_track_alvar/ar_track_alvar/include/ar_track_alvar/Pose.h:28[m[K,
                 from [01m[K/home/advrob/elfin_ws/src/ar_track_alvar/ar_track_alvar/include/ar_track_alvar/Camera.h:35[m[K,
                 from [01m[K/home/advrob/elfin_ws/src/ar_track_alvar/ar_track_alvar/src/Camera.cpp:25[m[K:
[01m[K/home/advrob/elfin_ws/src/ar_track_alvar/ar_track_alvar/include/ar_track_alvar/Util.h:40:10:[m[K [01;31m[Kfatal error: [m[Kcxcore.h: No such file or directory
   40 | #include [01;31m[K<cxcore.h>[m[K
      |          [01;31m[K^~~~~~~~~~[m[K
compilation terminated.
make[2]: *** [CMakeFiles/ar_track_alvar.dir/build.make:63: CMakeFiles/ar_track_alvar.dir/src/Camera.cpp.o] Error 1
make[1]: *** [CMakeFiles/Makefile2:3405: CMakeFiles/ar_track_alvar.dir/all] Error 2
make: *** [Makefile:141: all] Error 2
