[01m[K/home/advrob/elfin_ws/src/edu-elfin_simulation/arm_controllers/src/reactive_controller.cpp:516:9:[m[K [01;31m[Kerror: [m[K‚Äò[01m[Ke_[m[K‚Äô does not name a type
  516 |         [01;31m[Ke_[m[K.data = qd_.data - q_.data;
      |         [01;31m[K^~[m[K
[01m[K/home/advrob/elfin_ws/src/edu-elfin_simulation/arm_controllers/src/reactive_controller.cpp:517:9:[m[K [01;31m[Kerror: [m[K‚Äò[01m[Ke_dot_[m[K‚Äô does not name a type
  517 |         [01;31m[Ke_dot_[m[K.data = qd_dot_.data - qdot_.data;
      |         [01;31m[K^~~~~~[m[K
[01m[K/home/advrob/elfin_ws/src/edu-elfin_simulation/arm_controllers/src/reactive_controller.cpp:518:9:[m[K [01;31m[Kerror: [m[K‚Äò[01m[Ke_int_[m[K‚Äô does not name a type; did you mean ‚Äò[01m[Ku_int[m[K‚Äô?
  518 |         [01;31m[Ke_int_[m[K.data = qd_.data - q_.data;           // (To do: e_int ÏóÖÎç∞Ïù¥Ìä∏ ÌïÑÏöîÏöî)
      |         [01;31m[K^~~~~~[m[K
      |         [32m[Ku_int[m[K
[01m[K/home/advrob/elfin_ws/src/edu-elfin_simulation/arm_controllers/src/reactive_controller.cpp:521:9:[m[K [01;31m[Kerror: [m[K‚Äò[01m[Kid_solver_[m[K‚Äô does not name a type
  521 |         [01;31m[Kid_solver_[m[K->JntToMass(q_, M_);
      |         [01;31m[K^~~~~~~~~~[m[K
[01m[K/home/advrob/elfin_ws/src/edu-elfin_simulation/arm_controllers/src/reactive_controller.cpp:522:9:[m[K [01;31m[Kerror: [m[K‚Äò[01m[Kid_solver_[m[K‚Äô does not name a type
  522 |         [01;31m[Kid_solver_[m[K->JntToCoriolis(q_, qdot_, C_);
      |         [01;31m[K^~~~~~~~~~[m[K
[01m[K/home/advrob/elfin_ws/src/edu-elfin_simulation/arm_controllers/src/reactive_controller.cpp:523:9:[m[K [01;31m[Kerror: [m[K‚Äò[01m[Kid_solver_[m[K‚Äô does not name a type
  523 |         [01;31m[Kid_solver_[m[K->JntToGravity(q_, G_);
      |         [01;31m[K^~~~~~~~~~[m[K
[01m[K/home/advrob/elfin_ws/src/edu-elfin_simulation/arm_controllers/src/reactive_controller.cpp:529:9:[m[K [01;31m[Kerror: [m[Kexpected unqualified-id before ‚Äò[01m[Kif[m[K‚Äô
  529 |         [01;31m[Kif[m[K (control_string == "velocity")
      |         [01;31m[K^~[m[K
[01m[K/home/advrob/elfin_ws/src/edu-elfin_simulation/arm_controllers/src/reactive_controller.cpp:533:9:[m[K [01;31m[Kerror: [m[Kexpected unqualified-id before ‚Äò[01m[Kelse[m[K‚Äô
  533 |         [01;31m[Kelse[m[K
      |         [01;31m[K^~~~[m[K
[01m[K/home/advrob/elfin_ws/src/edu-elfin_simulation/arm_controllers/src/reactive_controller.cpp:538:9:[m[K [01;31m[Kerror: [m[K‚Äò[01m[Kcomp_d_[m[K‚Äô does not name a type
  538 |         [01;31m[Kcomp_d_[m[K.data = C_.data + G_.data;
      |         [01;31m[K^~~~~~~[m[K
[01m[K/home/advrob/elfin_ws/src/edu-elfin_simulation/arm_controllers/src/reactive_controller.cpp:539:9:[m[K [01;31m[Kerror: [m[K‚Äò[01m[Ktau_d_[m[K‚Äô does not name a type
  539 |         [01;31m[Ktau_d_[m[K.data = aux_d_.data + comp_d_.data;
      |         [01;31m[K^~~~~~[m[K
[01m[K/home/advrob/elfin_ws/src/edu-elfin_simulation/arm_controllers/src/reactive_controller.cpp:541:9:[m[K [01;31m[Kerror: [m[Kexpected unqualified-id before ‚Äò[01m[Kfor[m[K‚Äô
  541 |         [01;31m[Kfor[m[K (int i = 0; i < n_joints_; i++)
      |         [01;31m[K^~~[m[K
[01m[K/home/advrob/elfin_ws/src/edu-elfin_simulation/arm_controllers/src/reactive_controller.cpp:541:25:[m[K [01;31m[Kerror: [m[K‚Äò[01m[Ki[m[K‚Äô does not name a type
  541 |         for (int i = 0; [01;31m[Ki[m[K < n_joints_; i++)
      |                         [01;31m[K^[m[K
[01m[K/home/advrob/elfin_ws/src/edu-elfin_simulation/arm_controllers/src/reactive_controller.cpp:541:40:[m[K [01;31m[Kerror: [m[K‚Äò[01m[Ki[m[K‚Äô does not name a type
  541 |         for (int i = 0; i < n_joints_; [01;31m[Ki[m[K++)
      |                                        [01;31m[K^[m[K
[01m[K/home/advrob/elfin_ws/src/edu-elfin_simulation/arm_controllers/src/reactive_controller.cpp:547:19:[m[K [01;31m[Kerror: [m[KISO C++ forbids declaration of ‚Äò[01m[Ksave_data[m[K‚Äô with no type [[01;31m[K-fpermissive[m[K]
  547 |         save_data([01;31m[K)[m[K;
      |                   [01;31m[K^[m[K
[01m[K/home/advrob/elfin_ws/src/edu-elfin_simulation/arm_controllers/src/reactive_controller.cpp:550:21:[m[K [01;31m[Kerror: [m[KISO C++ forbids declaration of ‚Äò[01m[Kprint_state[m[K‚Äô with no type [[01;31m[K-fpermissive[m[K]
  550 |         print_state([01;31m[K)[m[K;
      |                     [01;31m[K^[m[K
[01m[K/home/advrob/elfin_ws/src/edu-elfin_simulation/arm_controllers/src/reactive_controller.cpp:551:6:[m[K [01;31m[Kerror: [m[Kexpected ‚Äò[01m[K;[m[K‚Äô after class definition
  551 |     }
      |      [01;31m[K^[m[K
      |      [32m[K;[m[K
[01m[K/home/advrob/elfin_ws/src/edu-elfin_simulation/arm_controllers/src/reactive_controller.cpp:[m[K In member function ‚Äò[01m[Kvirtual bool arm_controllers::reactive_controller::init(hardware_interface::EffortJointInterface*, ros::NodeHandle&)[m[K‚Äô:
[01m[K/home/advrob/elfin_ws/src/edu-elfin_simulation/arm_controllers/src/reactive_controller.cpp:45:9:[m[K [01;31m[Kerror: [m[K‚Äò[01m[Kt_set[m[K‚Äô was not declared in this scope; did you mean ‚Äò[01m[Ktzset[m[K‚Äô?
   45 |         [01;31m[Kt_set[m[K = 1;
      |         [01;31m[K^~~~~[m[K
      |         [32m[Ktzset[m[K
[01m[K/home/advrob/elfin_ws/src/edu-elfin_simulation/arm_controllers/src/reactive_controller.cpp:49:35:[m[K [01;31m[Kerror: [m[K‚Äò[01m[Kjoint_names_[m[K‚Äô was not declared in this scope
   49 |         if (!n.getParam("joints", [01;31m[Kjoint_names_[m[K))
      |                                   [01;31m[K^~~~~~~~~~~~[m[K
[01m[K/home/advrob/elfin_ws/src/edu-elfin_simulation/arm_controllers/src/reactive_controller.cpp:54:9:[m[K [01;31m[Kerror: [m[K‚Äò[01m[Kn_joints_[m[K‚Äô was not declared in this scope
   54 |         [01;31m[Kn_joints_[m[K = joint_names_.size();
      |         [01;31m[K^~~~~~~~~[m[K
[01m[K/home/advrob/elfin_ws/src/edu-elfin_simulation/arm_controllers/src/reactive_controller.cpp:54:21:[m[K [01;31m[Kerror: [m[K‚Äò[01m[Kjoint_names_[m[K‚Äô was not declared in this scope
   54 |         n_joints_ = [01;31m[Kjoint_names_[m[K.size();
      |                     [01;31m[K^~~~~~~~~~~~[m[K
[01m[K/home/advrob/elfin_ws/src/edu-elfin_simulation/arm_controllers/src/reactive_controller.cpp:72:9:[m[K [01;31m[Kerror: [m[K‚Äò[01m[KKp_[m[K‚Äô was not declared in this scope
   72 |         [01;31m[KKp_[m[K.resize(n_joints_);
      |         [01;31m[K^~~[m[K
[01m[K/home/advrob/elfin_ws/src/edu-elfin_simulation/arm_controllers/src/reactive_controller.cpp:73:9:[m[K [01;31m[Kerror: [m[K‚Äò[01m[KKd_[m[K‚Äô was not declared in this scope
   73 |         [01;31m[KKd_[m[K.resize(n_joints_);
      |         [01;31m[K^~~[m[K
[01m[K/home/advrob/elfin_ws/src/edu-elfin_simulation/arm_controllers/src/reactive_controller.cpp:74:9:[m[K [01;31m[Kerror: [m[K‚Äò[01m[KKi_[m[K‚Äô was not declared in this scope
   74 |         [01;31m[KKi_[m[K.resize(n_joints_);
      |         [01;31m[K^~~[m[K
[01m[K/home/advrob/elfin_ws/src/edu-elfin_simulation/arm_controllers/src/reactive_controller.cpp:75:9:[m[K [01;31m[Kerror: [m[K‚Äò[01m[KKp_use_[m[K‚Äô was not declared in this scope; did you mean ‚Äò[01m[Kpause[m[K‚Äô?
   75 |         [01;31m[KKp_use_[m[K.resize(n_joints_);
      |         [01;31m[K^~~~~~~[m[K
      |         [32m[Kpause[m[K
[01m[K/home/advrob/elfin_ws/src/edu-elfin_simulation/arm_controllers/src/reactive_controller.cpp:76:9:[m[K [01;31m[Kerror: [m[K‚Äò[01m[KKd_use_[m[K‚Äô was not declared in this scope
   76 |         [01;31m[KKd_use_[m[K.resize(n_joints_);
      |         [01;31m[K^~~~~~~[m[K
[01m[K/home/advrob/elfin_ws/src/edu-elfin_simulation/arm_controllers/src/reactive_controller.cpp:131:17:[m[K [01;31m[Kerror: [m[K‚Äò[01m[Kjoints_[m[K‚Äô was not declared in this scope
  131 |                 [01;31m[Kjoints_[m[K.push_back(hw->getHandle(joint_names_[i]));
      |                 [01;31m[K^~~~~~~[m[K
[01m[K/home/advrob/elfin_ws/src/edu-elfin_simulation/arm_controllers/src/reactive_controller.cpp:145:13:[m[K [01;31m[Kerror: [m[K‚Äò[01m[Kjoint_urdfs_[m[K‚Äô was not declared in this scope; did you mean ‚Äò[01m[Kjoint_urdf[m[K‚Äô?
  145 |             [01;31m[Kjoint_urdfs_[m[K.push_back(joint_urdf);
      |             [01;31m[K^~~~~~~~~~~~[m[K
      |             [32m[Kjoint_urdf[m[K
[01m[K/home/advrob/elfin_ws/src/edu-elfin_simulation/arm_controllers/src/reactive_controller.cpp:150:50:[m[K [01;31m[Kerror: [m[K‚Äò[01m[Kkdl_tree_[m[K‚Äô was not declared in this scope
  150 |         if (!kdl_parser::treeFromUrdfModel(urdf, [01;31m[Kkdl_tree_[m[K))
      |                                                  [01;31m[K^~~~~~~~~[m[K
[01m[K/home/advrob/elfin_ws/src/edu-elfin_simulation/arm_controllers/src/reactive_controller.cpp:172:14:[m[K [01;31m[Kerror: [m[K‚Äò[01m[Kkdl_tree_[m[K‚Äô was not declared in this scope
  172 |         if (![01;31m[Kkdl_tree_[m[K.getChain(root_name, tip_name, kdl_chain_))
      |              [01;31m[K^~~~~~~~~[m[K
[01m[K/home/advrob/elfin_ws/src/edu-elfin_simulation/arm_controllers/src/reactive_controller.cpp:172:54:[m[K [01;31m[Kerror: [m[K‚Äò[01m[Kkdl_chain_[m[K‚Äô was not declared in this scope
  172 |         if (!kdl_tree_.getChain(root_name, tip_name, [01;31m[Kkdl_chain_[m[K))
      |                                                      [01;31m[K^~~~~~~~~~[m[K
[01m[K/home/advrob/elfin_ws/src/edu-elfin_simulation/arm_controllers/src/reactive_controller.cpp:194:9:[m[K [01;31m[Kerror: [m[K‚Äò[01m[Kgravity_[m[K‚Äô was not declared in this scope
  194 |         [01;31m[Kgravity_[m[K = KDL::Vector::Zero(); // ?
      |         [01;31m[K^~~~~~~~[m[K
[01m[K/home/advrob/elfin_ws/src/edu-elfin_simulation/arm_controllers/src/reactive_controller.cpp:197:9:[m[K [01;31m[Kerror: [m[K‚Äò[01m[Kid_solver_[m[K‚Äô was not declared in this scope
  197 |         [01;31m[Kid_solver_[m[K.reset(new KDL::ChainDynParam(kdl_chain_, gravity_));
      |         [01;31m[K^~~~~~~~~~[m[K
[01m[K/home/advrob/elfin_ws/src/edu-elfin_simulation/arm_controllers/src/reactive_controller.cpp:197:49:[m[K [01;31m[Kerror: [m[K‚Äò[01m[Kkdl_chain_[m[K‚Äô was not declared in this scope
  197 |         id_solver_.reset(new KDL::ChainDynParam([01;31m[Kkdl_chain_[m[K, gravity_));
      |                                                 [01;31m[K^~~~~~~~~~[m[K
[01m[K/home/advrob/elfin_ws/src/edu-elfin_simulation/arm_controllers/src/reactive_controller.cpp:200:9:[m[K [01;31m[Kerror: [m[K‚Äò[01m[Kfk_pos_solver_[m[K‚Äô was not declared in this scope
  200 |         [01;31m[Kfk_pos_solver_[m[K.reset(new KDL::ChainFkSolverPos_recursive(kdl_chain_));
      |         [01;31m[K^~~~~~~~~~~~~~[m[K
[01m[K/home/advrob/elfin_ws/src/edu-elfin_simulation/arm_controllers/src/reactive_controller.cpp:203:9:[m[K [01;31m[Kerror: [m[K‚Äò[01m[Kjnt_to_jac_solver_[m[K‚Äô was not declared in this scope
  203 |         [01;31m[Kjnt_to_jac_solver_[m[K.reset(new KDL::ChainJntToJacSolver(kdl_chain_));
      |         [01;31m[K^~~~~~~~~~~~~~~~~~[m[K
[01m[K/home/advrob/elfin_ws/src/edu-elfin_simulation/arm_controllers/src/reactive_controller.cpp:208:9:[m[K [01;31m[Kerror: [m[K‚Äò[01m[Ktau_d_[m[K‚Äô was not declared in this scope
  208 |         [01;31m[Ktau_d_[m[K.data = Eigen::VectorXd::Zero(n_joints_);
      |         [01;31m[K^~~~~~[m[K
[01m[K/home/advrob/elfin_ws/src/edu-elfin_simulation/arm_controllers/src/reactive_controller.cpp:210:9:[m[K [01;31m[Kerror: [m[K‚Äò[01m[Kqd_[m[K‚Äô was not declared in this scope
  210 |         [01;31m[Kqd_[m[K.data = Eigen::VectorXd::Zero(n_joints_);
      |         [01;31m[K^~~[m[K
[01m[K/home/advrob/elfin_ws/src/edu-elfin_simulation/arm_controllers/src/reactive_controller.cpp:211:9:[m[K [01;31m[Kerror: [m[K‚Äò[01m[Kqd_dot_[m[K‚Äô was not declared in this scope
  211 |         [01;31m[Kqd_dot_[m[K.data = Eigen::VectorXd::Zero(n_joints_);
      |         [01;31m[K^~~~~~~[m[K
[01m[K/home/advrob/elfin_ws/src/edu-elfin_simulation/arm_controllers/src/reactive_controller.cpp:212:9:[m[K [01;31m[Kerror: [m[K‚Äò[01m[Kqd_ddot_[m[K‚Äô was not declared in this scope
  212 |         [01;31m[Kqd_ddot_[m[K.data = Eigen::VectorXd::Zero(n_joints_);
      |         [01;31m[K^~~~~~~~[m[K
[01m[K/home/advrob/elfin_ws/src/edu-elfin_simulation/arm_controllers/src/reactive_controller.cpp:213:9:[m[K [01;31m[Kerror: [m[K‚Äò[01m[Kqd_old_[m[K‚Äô was not declared in this scope
  213 |         [01;31m[Kqd_old_[m[K.data = Eigen::VectorXd::Zero(n_joints_);
      |         [01;31m[K^~~~~~~[m[K
[01m[K/home/advrob/elfin_ws/src/edu-elfin_simulation/arm_controllers/src/reactive_controller.cpp:214:9:[m[K [01;31m[Kerror: [m[K‚Äò[01m[Kqd_dot_old_[m[K‚Äô was not declared in this scope
  214 |         [01;31m[Kqd_dot_old_[m[K.data = Eigen::VectorXd::Zero(n_joints_);
      |         [01;31m[K^~~~~~~~~~~[m[K
[01m[K/home/advrob/elfin_ws/src/edu-elfin_simulation/arm_controllers/src/reactive_controller.cpp:216:9:[m[K [01;31m[Kerror: [m[K‚Äò[01m[Kq_[m[K‚Äô was not declared in this scope
  216 |         [01;31m[Kq_[m[K.data = Eigen::VectorXd::Zero(n_joints_);
      |         [01;31m[K^~[m[K
[01m[K/home/advrob/elfin_ws/src/edu-elfin_simulation/arm_controllers/src/reactive_controller.cpp:217:9:[m[K [01;31m[Kerror: [m[K‚Äò[01m[Kqdot_[m[K‚Äô was not declared in this scope; did you mean ‚Äò[01m[Kqsort_r[m[K‚Äô?
  217 |         [01;31m[Kqdot_[m[K.data = Eigen::VectorXd::Zero(n_joints_);
      |         [01;31m[K^~~~~[m[K
      |         [32m[Kqsort_r[m[K
[01m[K/home/advrob/elfin_ws/src/edu-elfin_simulation/arm_controllers/src/reactive_controller.cpp:219:9:[m[K [01;31m[Kerror: [m[K‚Äò[01m[Ke_[m[K‚Äô was not declared in this scope
  219 |         [01;31m[Ke_[m[K.data = Eigen::VectorXd::Zero(n_joints_);
      |         [01;31m[K^~[m[K
[01m[K/home/advrob/elfin_ws/src/edu-elfin_simulation/arm_controllers/src/reactive_controller.cpp:220:9:[m[K [01;31m[Kerror: [m[K‚Äò[01m[Ke_dot_[m[K‚Äô was not declared in this scope
  220 |         [01;31m[Ke_dot_[m[K.data = Eigen::VectorXd::Zero(n_joints_);
      |         [01;31m[K^~~~~~[m[K
[01m[K/home/advrob/elfin_ws/src/edu-elfin_simulation/arm_controllers/src/reactive_controller.cpp:221:9:[m[K [01;31m[Kerror: [m[K‚Äò[01m[Ke_int_[m[K‚Äô was not declared in this scope; did you mean ‚Äò[01m[Ku_int[m[K‚Äô?
  221 |         [01;31m[Ke_int_[m[K.data = Eigen::VectorXd::Zero(n_joints_);
      |         [01;31m[K^~~~~~[m[K
      |         [32m[Ku_int[m[K
[01m[K/home/advrob/elfin_ws/src/edu-elfin_simulation/arm_controllers/src/reactive_controller.cpp:224:9:[m[K [01;31m[Kerror: [m[K‚Äò[01m[KJ_[m[K‚Äô was not declared in this scope
  224 |         [01;31m[KJ_[m[K.resize(kdl_chain_.getNrOfJoints());
      |         [01;31m[K^~[m[K
[01m[K/home/advrob/elfin_ws/src/edu-elfin_simulation/arm_controllers/src/reactive_controller.cpp:225:9:[m[K [01;31m[Kerror: [m[K‚Äò[01m[KJd_[m[K‚Äô was not declared in this scope
  225 |         [01;31m[KJd_[m[K.resize(kdl_chain_.getNrOfJoints());
      |         [01;31m[K^~~[m[K
[01m[K/home/advrob/elfin_ws/src/edu-elfin_simulation/arm_controllers/src/reactive_controller.cpp:226:9:[m[K [01;31m[Kerror: [m[K‚Äò[01m[KM_[m[K‚Äô was not declared in this scope; did you mean ‚Äò[01m[KM_E[m[K‚Äô?
  226 |         [01;31m[KM_[m[K.resize(kdl_chain_.getNrOfJoints());
      |         [01;31m[K^~[m[K
      |         [32m[KM_E[m[K
[01m[K/home/advrob/elfin_ws/src/edu-elfin_simulation/arm_controllers/src/reactive_controller.cpp:227:9:[m[K [01;31m[Kerror: [m[K‚Äò[01m[KC_[m[K‚Äô was not declared in this scope
  227 |         [01;31m[KC_[m[K.resize(kdl_chain_.getNrOfJoints());
      |         [01;31m[K^~[m[K
[01m[K/home/advrob/elfin_ws/src/edu-elfin_simulation/arm_controllers/src/reactive_controller.cpp:228:9:[m[K [01;31m[Kerror: [m[K‚Äò[01m[KG_[m[K‚Äô was not declared in this scope
  228 |         [01;31m[KG_[m[K.resize(kdl_chain_.getNrOfJoints());
      |         [01;31m[K^~[m[K
[01m[K/home/advrob/elfin_ws/src/edu-elfin_simulation/arm_controllers/src/reactive_controller.cpp:232:9:[m[K [01;31m[Kerror: [m[K‚Äò[01m[Kpub_qd_[m[K‚Äô was not declared in this scope
  232 |         [01;31m[Kpub_qd_[m[K = n.advertise<std_msgs::Float64MultiArray>("qd", 1000);
      |         [01;31m[K^~~~~~~[m[K
[01m[K/home/advrob/elfin_ws/src/edu-elfin_simulation/arm_controllers/src/reactive_controller.cpp:233:9:[m[K [01;31m[Kerror: [m[K‚Äò[01m[Kpub_q_[m[K‚Äô was not declared in this scope
  233 |         [01;31m[Kpub_q_[m[K = n.advertise<std_msgs::Float64MultiArray>("q", 1000);
      |         [01;31m[K^~~~~~[m[K
[01m[K/home/advrob/elfin_ws/src/edu-elfin_simulation/arm_controllers/src/reactive_controller.cpp:234:9:[m[K [01;31m[Kerror: [m[K‚Äò[01m[Kpub_e_[m[K‚Äô was not declared in this scope
  234 |         [01;31m[Kpub_e_[m[K = n.advertise<std_msgs::Float64MultiArray>("e", 1000);
      |         [01;31m[K^~~~~~[m[K
[01m[K/home/advrob/elfin_ws/src/edu-elfin_simulation/arm_controllers/src/reactive_controller.cpp:236:9:[m[K [01;31m[Kerror: [m[K‚Äò[01m[Kpub_SaveData_[m[K‚Äô was not declared in this scope
  236 |         [01;31m[Kpub_SaveData_[m[K = n.advertise<std_msgs::Float64MultiArray>("SaveData", 1000); // Îí§Ïóê Ïà´ÏûêÎäî?
      |         [01;31m[K^~~~~~~~~~~~~[m[K
[01m[K/home/advrob/elfin_ws/src/edu-elfin_simulation/arm_controllers/src/reactive_controller.cpp:239:9:[m[K [01;31m[Kerror: [m[K‚Äò[01m[Ksub_x_cmd_[m[K‚Äô was not declared in this scope
  239 |         [01;31m[Ksub_x_cmd_[m[K = n.subscribe<std_msgs::Float64MultiArray>("command", 1, &reactive_controller::commandCB, this);
      |         [01;31m[K^~~~~~~~~~[m[K
[01m[K/home/advrob/elfin_ws/src/edu-elfin_simulation/arm_controllers/src/reactive_controller.cpp:240:9:[m[K [01;31m[Kerror: [m[K‚Äò[01m[Kevent[m[K‚Äô was not declared in this scope
  240 |         [01;31m[Kevent[m[K = 0; // subscribe Î∞õÍ∏∞ Ï†Ñ: 0
      |         [01;31m[K^~~~~[m[K
[01m[K/home/advrob/elfin_ws/src/edu-elfin_simulation/arm_controllers/src/reactive_controller.cpp:244:9:[m[K [01;31m[Kerror: [m[K‚Äò[01m[Ksub_key_[m[K‚Äô was not declared in this scope
  244 |         [01;31m[Ksub_key_[m[K = n.subscribe<std_msgs::String>("key", 1, boost::bind(&reactive_controller::keyCmd, this, _1)); //topic, queue length, callback handle, instance Object
      |         [01;31m[K^~~~~~~~[m[K
[01m[K/home/advrob/elfin_ws/src/edu-elfin_simulation/arm_controllers/src/reactive_controller.cpp:248:84:[m[K [01;31m[Kerror: [m[K‚Äò[01m[KK_universal_[m[K‚Äô was not declared in this scope
  248 |         n.getParam("/elfin/computed_torque_clik_controller/reac_gain/K_UNIVERSAL", [01;31m[KK_universal_[m[K);
      |                                                                                    [01;31m[K^~~~~~~~~~~~[m[K
[01m[K/home/advrob/elfin_ws/src/edu-elfin_simulation/arm_controllers/src/reactive_controller.cpp:[m[K In member function ‚Äò[01m[Kvoid arm_controllers::reactive_controller::keyCmd(const ConstPtr&)[m[K‚Äô:
[01m[K/home/advrob/elfin_ws/src/edu-elfin_simulation/arm_controllers/src/reactive_controller.cpp:256:9:[m[K [01;31m[Kerror: [m[K‚Äò[01m[Ktask_string[m[K‚Äô was not declared in this scope
  256 |         [01;31m[Ktask_string[m[K = msg->data.c_str();
      |         [01;31m[K^~~~~~~~~~~[m[K
[01m[K/home/advrob/elfin_ws/src/edu-elfin_simulation/arm_controllers/src/reactive_controller.cpp:[m[K In member function ‚Äò[01m[Kvoid arm_controllers::reactive_controller::commandCB(const Float64MultiArrayConstPtr&)[m[K‚Äô:
[01m[K/home/advrob/elfin_ws/src/edu-elfin_simulation/arm_controllers/src/reactive_controller.cpp:290:13:[m[K [01;31m[Kerror: [m[K‚Äò[01m[Kx_cmd_[m[K‚Äô was not declared in this scope
  290 |             [01;31m[Kx_cmd_[m[K(i) = msg->data[i];
      |             [01;31m[K^~~~~~[m[K
[01m[K/home/advrob/elfin_ws/src/edu-elfin_simulation/arm_controllers/src/reactive_controller.cpp:293:9:[m[K [01;31m[Kerror: [m[K‚Äò[01m[Kevent[m[K‚Äô was not declared in this scope
  293 |         [01;31m[Kevent[m[K = 1; // subscribe Î∞õÍ∏∞ Ï†Ñ: 0
      |         [01;31m[K^~~~~[m[K
[01m[K/home/advrob/elfin_ws/src/edu-elfin_simulation/arm_controllers/src/reactive_controller.cpp:[m[K In member function ‚Äò[01m[Kvirtual void arm_controllers::reactive_controller::starting(const ros::Time&)[m[K‚Äô:
[01m[K/home/advrob/elfin_ws/src/edu-elfin_simulation/arm_controllers/src/reactive_controller.cpp:299:9:[m[K [01;31m[Kerror: [m[K‚Äò[01m[Kt[m[K‚Äô was not declared in this scope; did you mean ‚Äò[01m[Ktm[m[K‚Äô?
  299 |         [01;31m[Kt[m[K = 0.0;
      |         [01;31m[K^[m[K
      |         [32m[Ktm[m[K
[01m[K/home/advrob/elfin_ws/src/edu-elfin_simulation/arm_controllers/src/reactive_controller.cpp:[m[K In member function ‚Äò[01m[Kvirtual void arm_controllers::reactive_controller::update(const ros::Time&, const ros::Duration&)[m[K‚Äô:
[01m[K/home/advrob/elfin_ws/src/edu-elfin_simulation/arm_controllers/src/reactive_controller.cpp:308:9:[m[K [01;31m[Kerror: [m[K‚Äò[01m[Kt[m[K‚Äô was not declared in this scope; did you mean ‚Äò[01m[Ktm[m[K‚Äô?
  308 |         [01;31m[Kt[m[K = t + dt;
      |         [01;31m[K^[m[K
      |         [32m[Ktm[m[K
[01m[K/home/advrob/elfin_ws/src/edu-elfin_simulation/arm_controllers/src/reactive_controller.cpp:310:17:[m[K [01;31m[Kerror: [m[K‚Äò[01m[Kt_set[m[K‚Äô was not declared in this scope; did you mean ‚Äò[01m[Ktzset[m[K‚Äô?
  310 |         if (t < [01;31m[Kt_set[m[K) {
      |                 [01;31m[K^~~~~[m[K
      |                 [32m[Ktzset[m[K
[01m[K/home/advrob/elfin_ws/src/edu-elfin_simulation/arm_controllers/src/reactive_controller.cpp:311:13:[m[K [01;31m[Kerror: [m[K‚Äò[01m[Kxd_[m[K‚Äô was not declared in this scope
  311 |             [01;31m[Kxd_[m[K.p(0) = 0.0;
      |             [01;31m[K^~~[m[K
[01m[K/home/advrob/elfin_ws/src/edu-elfin_simulation/arm_controllers/src/reactive_controller.cpp:318:29:[m[K [01;31m[Kerror: [m[K‚Äò[01m[Kn_joints_[m[K‚Äô was not declared in this scope
  318 |         for (int i = 0; i < [01;31m[Kn_joints_[m[K; i++)
      |                             [01;31m[K^~~~~~~~~[m[K
[01m[K/home/advrob/elfin_ws/src/edu-elfin_simulation/arm_controllers/src/reactive_controller.cpp:320:13:[m[K [01;31m[Kerror: [m[K‚Äò[01m[Kq_[m[K‚Äô was not declared in this scope
  320 |             [01;31m[Kq_[m[K(i) = joints_[i].getPosition();
      |             [01;31m[K^~[m[K
[01m[K/home/advrob/elfin_ws/src/edu-elfin_simulation/arm_controllers/src/reactive_controller.cpp:320:21:[m[K [01;31m[Kerror: [m[K‚Äò[01m[Kjoints_[m[K‚Äô was not declared in this scope
  320 |             q_(i) = [01;31m[Kjoints_[m[K[i].getPosition();
      |                     [01;31m[K^~~~~~~[m[K
[01m[K/home/advrob/elfin_ws/src/edu-elfin_simulation/arm_controllers/src/reactive_controller.cpp:321:13:[m[K [01;31m[Kerror: [m[K‚Äò[01m[Kqdot_[m[K‚Äô was not declared in this scope; did you mean ‚Äò[01m[Kqsort_r[m[K‚Äô?
  321 |             [01;31m[Kqdot_[m[K(i) = joints_[i].getVelocity();
      |             [01;31m[K^~~~~[m[K
      |             [32m[Kqsort_r[m[K
[01m[K/home/advrob/elfin_ws/src/edu-elfin_simulation/arm_controllers/src/reactive_controller.cpp:324:9:[m[K [01;31m[Kerror: [m[K‚Äò[01m[Kfk_pos_solver_[m[K‚Äô was not declared in this scope
  324 |         [01;31m[Kfk_pos_solver_[m[K->JntToCart(q_, x_);
      |         [01;31m[K^~~~~~~~~~~~~~[m[K
[01m[K/home/advrob/elfin_ws/src/edu-elfin_simulation/arm_controllers/src/reactive_controller.cpp:324:35:[m[K [01;31m[Kerror: [m[K‚Äò[01m[Kq_[m[K‚Äô was not declared in this scope
  324 |         fk_pos_solver_->JntToCart([01;31m[Kq_[m[K, x_);
      |                                   [01;31m[K^~[m[K
[01m[K/home/advrob/elfin_ws/src/edu-elfin_simulation/arm_controllers/src/reactive_controller.cpp:324:39:[m[K [01;31m[Kerror: [m[K‚Äò[01m[Kx_[m[K‚Äô was not declared in this scope
  324 |         fk_pos_solver_->JntToCart(q_, [01;31m[Kx_[m[K);
      |                                       [01;31m[K^~[m[K
[01m[K/home/advrob/elfin_ws/src/edu-elfin_simulation/arm_controllers/src/reactive_controller.cpp:325:9:[m[K [01;31m[Kerror: [m[K‚Äò[01m[Kxdot_[m[K‚Äô was not declared in this scope
  325 |         [01;31m[Kxdot_[m[K = J_.data * qdot_.data;
      |         [01;31m[K^~~~~[m[K
[01m[K/home/advrob/elfin_ws/src/edu-elfin_simulation/arm_controllers/src/reactive_controller.cpp:325:17:[m[K [01;31m[Kerror: [m[K‚Äò[01m[KJ_[m[K‚Äô was not declared in this scope
  325 |         xdot_ = [01;31m[KJ_[m[K.data * qdot_.data;
      |                 [01;31m[K^~[m[K
[01m[K/home/advrob/elfin_ws/src/edu-elfin_simulation/arm_controllers/src/reactive_controller.cpp:325:27:[m[K [01;31m[Kerror: [m[K‚Äò[01m[Kqdot_[m[K‚Äô was not declared in this scope; did you mean ‚Äò[01m[Kqsort_r[m[K‚Äô?
  325 |         xdot_ = J_.data * [01;31m[Kqdot_[m[K.data;
      |                           [01;31m[K^~~~~[m[K
      |                           [32m[Kqsort_r[m[K
[01m[K/home/advrob/elfin_ws/src/edu-elfin_simulation/arm_controllers/src/reactive_controller.cpp:329:13:[m[K [01;31m[Kerror: [m[K‚Äò[01m[Kreadf_timer[m[K‚Äô was not declared in this scope
  329 |         if ([01;31m[Kreadf_timer[m[K % 1000 == 0) {
      |             [01;31m[K^~~~~~~~~~~[m[K
[01m[K/home/advrob/elfin_ws/src/edu-elfin_simulation/arm_controllers/src/reactive_controller.cpp:331:13:[m[K [01;31m[Kerror: [m[K‚Äò[01m[Kcontrol_string[m[K‚Äô was not declared in this scope
  331 |             [01;31m[Kcontrol_string[m[K = burgerPasser("/home/advrob/elfin_ws/src/edu-elfin_simulation/arm_controllers/src/control_mode.txt"); // control mode
      |             [01;31m[K^~~~~~~~~~~~~~[m[K
[01m[K/home/advrob/elfin_ws/src/edu-elfin_simulation/arm_controllers/src/reactive_controller.cpp:334:11:[m[K [01;31m[Kerror: [m[K‚Äò[01m[Kreadf_timer[m[K‚Äô was not declared in this scope
  334 |         ++[01;31m[Kreadf_timer[m[K;
      |           [01;31m[K^~~~~~~~~~~[m[K
[01m[K/home/advrob/elfin_ws/src/edu-elfin_simulation/arm_controllers/src/reactive_controller.cpp:337:13:[m[K [01;31m[Kerror: [m[K‚Äò[01m[Ktask_string[m[K‚Äô was not declared in this scope
  337 |         if ([01;31m[Ktask_string[m[K == "KEY_DOWN")
      |             [01;31m[K^~~~~~~~~~~[m[K
[01m[K/home/advrob/elfin_ws/src/edu-elfin_simulation/arm_controllers/src/reactive_controller.cpp:340:13:[m[K [01;31m[Kerror: [m[K‚Äò[01m[Kjoint_space[m[K‚Äô was not declared in this scope
  340 |             [01;31m[Kjoint_space[m[K = true;
      |             [01;31m[K^~~~~~~~~~~[m[K
[01m[K/home/advrob/elfin_ws/src/edu-elfin_simulation/arm_controllers/src/reactive_controller.cpp:341:36:[m[K [01;31m[Kerror: [m[K‚Äò[01m[Kn_joints_[m[K‚Äô was not declared in this scope
  341 |             for (size_t i = 3; i < [01;31m[Kn_joints_[m[K; i++)
      |                                    [01;31m[K^~~~~~~~~[m[K
[01m[K/home/advrob/elfin_ws/src/edu-elfin_simulation/arm_controllers/src/reactive_controller.cpp:344:17:[m[K [01;31m[Kerror: [m[K‚Äò[01m[Kqd_ddot_[m[K‚Äô was not declared in this scope
  344 |                 [01;31m[Kqd_ddot_[m[K(i) = sin(t);
      |                 [01;31m[K^~~~~~~~[m[K
[01m[K/home/advrob/elfin_ws/src/edu-elfin_simulation/arm_controllers/src/reactive_controller.cpp:345:17:[m[K [01;31m[Kerror: [m[K‚Äò[01m[Kqd_dot_[m[K‚Äô was not declared in this scope
  345 |                 [01;31m[Kqd_dot_[m[K(i) = sin(t);
      |                 [01;31m[K^~~~~~~[m[K
[01m[K/home/advrob/elfin_ws/src/edu-elfin_simulation/arm_controllers/src/reactive_controller.cpp:346:17:[m[K [01;31m[Kerror: [m[K‚Äò[01m[Kqd_[m[K‚Äô was not declared in this scope
  346 |                 [01;31m[Kqd_[m[K(i) = sin(t);
      |                 [01;31m[K^~~[m[K
[01m[K/home/advrob/elfin_ws/src/edu-elfin_simulation/arm_controllers/src/reactive_controller.cpp:351:13:[m[K [01;31m[Kerror: [m[K‚Äò[01m[Kjoint_space[m[K‚Äô was not declared in this scope
  351 |             [01;31m[Kjoint_space[m[K = true;
      |             [01;31m[K^~~~~~~~~~~[m[K
[01m[K/home/advrob/elfin_ws/src/edu-elfin_simulation/arm_controllers/src/reactive_controller.cpp:352:36:[m[K [01;31m[Kerror: [m[K‚Äò[01m[Kn_joints_[m[K‚Äô was not declared in this scope
  352 |             for (size_t i = 0; i < [01;31m[Kn_joints_[m[K-2; i++)
      |                                    [01;31m[K^~~~~~~~~[m[K
[01m[K/home/advrob/elfin_ws/src/edu-elfin_simulation/arm_controllers/src/reactive_controller.cpp:355:17:[m[K [01;31m[Kerror: [m[K‚Äò[01m[Kqd_ddot_[m[K‚Äô was not declared in this scope
  355 |                 [01;31m[Kqd_ddot_[m[K(i) = -sin(t);
      |                 [01;31m[K^~~~~~~~[m[K
[01m[K/home/advrob/elfin_ws/src/edu-elfin_simulation/arm_controllers/src/reactive_controller.cpp:356:17:[m[K [01;31m[Kerror: [m[K‚Äò[01m[Kqd_dot_[m[K‚Äô was not declared in this scope
  356 |                 [01;31m[Kqd_dot_[m[K(i) = -sin(t);
      |                 [01;31m[K^~~~~~~[m[K
[01m[K/home/advrob/elfin_ws/src/edu-elfin_simulation/arm_controllers/src/reactive_controller.cpp:357:17:[m[K [01;31m[Kerror: [m[K‚Äò[01m[Kqd_[m[K‚Äô was not declared in this scope
  357 |                 [01;31m[Kqd_[m[K(i) = -sin(t);
      |                 [01;31m[K^~~[m[K
[01m[K/home/advrob/elfin_ws/src/edu-elfin_simulation/arm_controllers/src/reactive_controller.cpp:363:13:[m[K [01;31m[Kerror: [m[K‚Äò[01m[Kjoint_space[m[K‚Äô was not declared in this scope
  363 |             [01;31m[Kjoint_space[m[K = true;
      |             [01;31m[K^~~~~~~~~~~[m[K
[01m[K/home/advrob/elfin_ws/src/edu-elfin_simulation/arm_controllers/src/reactive_controller.cpp:365:36:[m[K [01;31m[Kerror: [m[K‚Äò[01m[Kn_joints_[m[K‚Äô was not declared in this scope
  365 |             for (size_t i = 0; i < [01;31m[Kn_joints_[m[K-2; i++)
      |                                    [01;31m[K^~~~~~~~~[m[K
[01m[K/home/advrob/elfin_ws/src/edu-elfin_simulation/arm_controllers/src/reactive_controller.cpp:367:17:[m[K [01;31m[Kerror: [m[K‚Äò[01m[Kqd_ddot_[m[K‚Äô was not declared in this scope
  367 |                 [01;31m[Kqd_ddot_[m[K(i) = 0;
      |                 [01;31m[K^~~~~~~~[m[K
[01m[K/home/advrob/elfin_ws/src/edu-elfin_simulation/arm_controllers/src/reactive_controller.cpp:368:17:[m[K [01;31m[Kerror: [m[K‚Äò[01m[Kqd_dot_[m[K‚Äô was not declared in this scope
  368 |                 [01;31m[Kqd_dot_[m[K(i) = 0;
      |                 [01;31m[K^~~~~~~[m[K
[01m[K/home/advrob/elfin_ws/src/edu-elfin_simulation/arm_controllers/src/reactive_controller.cpp:369:17:[m[K [01;31m[Kerror: [m[K‚Äò[01m[Kqd_[m[K‚Äô was not declared in this scope
  369 |                 [01;31m[Kqd_[m[K(i) = q_(i);
      |                 [01;31m[K^~~[m[K
[01m[K/home/advrob/elfin_ws/src/edu-elfin_simulation/arm_controllers/src/reactive_controller.cpp:375:13:[m[K [01;31m[Kerror: [m[K‚Äò[01m[Kjoint_space[m[K‚Äô was not declared in this scope
  375 |             [01;31m[Kjoint_space[m[K = true;
      |             [01;31m[K^~~~~~~~~~~[m[K
[01m[K/home/advrob/elfin_ws/src/edu-elfin_simulation/arm_controllers/src/reactive_controller.cpp:377:36:[m[K [01;31m[Kerror: [m[K‚Äò[01m[Kn_joints_[m[K‚Äô was not declared in this scope
  377 |             for (size_t i = 0; i < [01;31m[Kn_joints_[m[K-2; i++)
      |                                    [01;31m[K^~~~~~~~~[m[K
[01m[K/home/advrob/elfin_ws/src/edu-elfin_simulation/arm_controllers/src/reactive_controller.cpp:379:17:[m[K [01;31m[Kerror: [m[K‚Äò[01m[Kqd_ddot_[m[K‚Äô was not declared in this scope
  379 |                 [01;31m[Kqd_ddot_[m[K(i) = 0;
      |                 [01;31m[K^~~~~~~~[m[K
[01m[K/home/advrob/elfin_ws/src/edu-elfin_simulation/arm_controllers/src/reactive_controller.cpp:380:17:[m[K [01;31m[Kerror: [m[K‚Äò[01m[Kqd_dot_[m[K‚Äô was not declared in this scope
  380 |                 [01;31m[Kqd_dot_[m[K(i) = 0;
      |                 [01;31m[K^~~~~~~[m[K
[01m[K/home/advrob/elfin_ws/src/edu-elfin_simulation/arm_controllers/src/reactive_controller.cpp:381:17:[m[K [01;31m[Kerror: [m[K‚Äò[01m[Kqd_[m[K‚Äô was not declared in this scope
  381 |                 [01;31m[Kqd_[m[K(i) = 0;
      |                 [01;31m[K^~~[m[K
[01m[K/home/advrob/elfin_ws/src/edu-elfin_simulation/arm_controllers/src/reactive_controller.cpp:387:13:[m[K [01;31m[Kerror: [m[K‚Äò[01m[Kjoint_space[m[K‚Äô was not declared in this scope
  387 |             [01;31m[Kjoint_space[m[K = true;
      |             [01;31m[K^~~~~~~~~~~[m[K
[01m[K/home/advrob/elfin_ws/src/edu-elfin_simulation/arm_controllers/src/reactive_controller.cpp:389:36:[m[K [01;31m[Kerror: [m[K‚Äò[01m[Kn_joints_[m[K‚Äô was not declared in this scope
  389 |             for (size_t i = 0; i < [01;31m[Kn_joints_[m[K; i++)
      |                                    [01;31m[K^~~~~~~~~[m[K
[01m[K/home/advrob/elfin_ws/src/edu-elfin_simulation/arm_controllers/src/reactive_controller.cpp:391:17:[m[K [01;31m[Kerror: [m[K‚Äò[01m[Kqd_ddot_[m[K‚Äô was not declared in this scope
  391 |                 [01;31m[Kqd_ddot_[m[K(i) = 8 / std::pow(std::sqrt(-4*std::pow(t,2) + 4*t + 3),3);
      |                 [01;31m[K^~~~~~~~[m[K
[01m[K/home/advrob/elfin_ws/src/edu-elfin_simulation/arm_controllers/src/reactive_controller.cpp:392:17:[m[K [01;31m[Kerror: [m[K‚Äò[01m[Kqd_dot_[m[K‚Äô was not declared in this scope
  392 |                 [01;31m[Kqd_dot_[m[K(i) = (2*t - 1) / std::sqrt(-4*std::pow(t,2) + 4*t + 3);
      |                 [01;31m[K^~~~~~~[m[K
[01m[K/home/advrob/elfin_ws/src/edu-elfin_simulation/arm_controllers/src/reactive_controller.cpp:393:17:[m[K [01;31m[Kerror: [m[K‚Äò[01m[Kqd_[m[K‚Äô was not declared in this scope
  393 |                 [01;31m[Kqd_[m[K(i) = 1/2*std::sqrt(-4*std::pow(t,2) + 4*t + 3) + 1;
      |                 [01;31m[K^~~[m[K
[01m[K/home/advrob/elfin_ws/src/edu-elfin_simulation/arm_controllers/src/reactive_controller.cpp:399:13:[m[K [01;31m[Kerror: [m[K‚Äò[01m[Kjoint_space[m[K‚Äô was not declared in this scope
  399 |             [01;31m[Kjoint_space[m[K = true;
      |             [01;31m[K^~~~~~~~~~~[m[K
[01m[K/home/advrob/elfin_ws/src/edu-elfin_simulation/arm_controllers/src/reactive_controller.cpp:401:36:[m[K [01;31m[Kerror: [m[K‚Äò[01m[Kn_joints_[m[K‚Äô was not declared in this scope
  401 |             for (size_t i = 0; i < [01;31m[Kn_joints_[m[K-2; i++)
      |                                    [01;31m[K^~~~~~~~~[m[K
[01m[K/home/advrob/elfin_ws/src/edu-elfin_simulation/arm_controllers/src/reactive_controller.cpp:403:17:[m[K [01;31m[Kerror: [m[K‚Äò[01m[Kqd_ddot_[m[K‚Äô was not declared in this scope
  403 |                 [01;31m[Kqd_ddot_[m[K(i) = 0;
      |                 [01;31m[K^~~~~~~~[m[K
[01m[K/home/advrob/elfin_ws/src/edu-elfin_simulation/arm_controllers/src/reactive_controller.cpp:404:17:[m[K [01;31m[Kerror: [m[K‚Äò[01m[Kqd_dot_[m[K‚Äô was not declared in this scope
  404 |                 [01;31m[Kqd_dot_[m[K(i) = 0;
      |                 [01;31m[K^~~~~~~[m[K
[01m[K/home/advrob/elfin_ws/src/edu-elfin_simulation/arm_controllers/src/reactive_controller.cpp:405:17:[m[K [01;31m[Kerror: [m[K‚Äò[01m[Kqd_[m[K‚Äô was not declared in this scope
  405 |                 [01;31m[Kqd_[m[K(i) = qd_(i);
      |                 [01;31m[K^~~[m[K
[01m[K/home/advrob/elfin_ws/src/edu-elfin_simulation/arm_controllers/src/reactive_controller.cpp:411:13:[m[K [01;31m[Kerror: [m[K‚Äò[01m[Kjoint_space[m[K‚Äô was not declared in this scope
  411 |             [01;31m[Kjoint_space[m[K = true;
      |             [01;31m[K^~~~~~~~~~~[m[K
[01m[K/home/advrob/elfin_ws/src/edu-elfin_simulation/arm_controllers/src/reactive_controller.cpp:413:36:[m[K [01;31m[Kerror: [m[K‚Äò[01m[Kn_joints_[m[K‚Äô was not declared in this scope
  413 |             for (size_t i = 0; i < [01;31m[Kn_joints_[m[K-2; i++)
      |                                    [01;31m[K^~~~~~~~~[m[K
[01m[K/home/advrob/elfin_ws/src/edu-elfin_simulation/arm_controllers/src/reactive_controller.cpp:415:17:[m[K [01;31m[Kerror: [m[K‚Äò[01m[Kqd_ddot_[m[K‚Äô was not declared in this scope
  415 |                 [01;31m[Kqd_ddot_[m[K(i) = qd_ddot_(i);
      |                 [01;31m[K^~~~~~~~[m[K
[01m[K/home/advrob/elfin_ws/src/edu-elfin_simulation/arm_controllers/src/reactive_controller.cpp:416:17:[m[K [01;31m[Kerror: [m[K‚Äò[01m[Kqd_dot_[m[K‚Äô was not declared in this scope
  416 |                 [01;31m[Kqd_dot_[m[K(i) = 0;
      |                 [01;31m[K^~~~~~~[m[K
[01m[K/home/advrob/elfin_ws/src/edu-elfin_simulation/arm_controllers/src/reactive_controller.cpp:417:17:[m[K [01;31m[Kerror: [m[K‚Äò[01m[Kqd_[m[K‚Äô was not declared in this scope
  417 |                 [01;31m[Kqd_[m[K(i) = qd_(i);
      |                 [01;31m[K^~~[m[K
[01m[K/home/advrob/elfin_ws/src/edu-elfin_simulation/arm_controllers/src/reactive_controller.cpp:423:13:[m[K [01;31m[Kerror: [m[K‚Äò[01m[Kjoint_space[m[K‚Äô was not declared in this scope
  423 |             [01;31m[Kjoint_space[m[K = false;
      |             [01;31m[K^~~~~~~~~~~[m[K
[01m[K/home/advrob/elfin_ws/src/edu-elfin_simulation/arm_controllers/src/reactive_controller.cpp:424:13:[m[K [01;31m[Kerror: [m[K‚Äò[01m[Kxd_[m[K‚Äô was not declared in this scope
  424 |             [01;31m[Kxd_[m[K.p(0) = 0.0;
      |             [01;31m[K^~~[m[K
[01m[K/home/advrob/elfin_ws/src/edu-elfin_simulation/arm_controllers/src/reactive_controller.cpp:432:13:[m[K [01;31m[Kerror: [m[K‚Äò[01m[Kjoint_space[m[K‚Äô was not declared in this scope
  432 |             [01;31m[Kjoint_space[m[K = false;
      |             [01;31m[K^~~~~~~~~~~[m[K
[01m[K/home/advrob/elfin_ws/src/edu-elfin_simulation/arm_controllers/src/reactive_controller.cpp:433:13:[m[K [01;31m[Kerror: [m[K‚Äò[01m[Kxd_[m[K‚Äô was not declared in this scope
  433 |             [01;31m[Kxd_[m[K.p(0) = 0.9;
      |             [01;31m[K^~~[m[K
[01m[K/home/advrob/elfin_ws/src/edu-elfin_simulation/arm_controllers/src/reactive_controller.cpp:441:13:[m[K [01;31m[Kerror: [m[K‚Äò[01m[Kjoint_space[m[K‚Äô was not declared in this scope
  441 |             [01;31m[Kjoint_space[m[K = false;
      |             [01;31m[K^~~~~~~~~~~[m[K
[01m[K/home/advrob/elfin_ws/src/edu-elfin_simulation/arm_controllers/src/reactive_controller.cpp:442:13:[m[K [01;31m[Kerror: [m[K‚Äò[01m[Kxd_[m[K‚Äô was not declared in this scope
  442 |             [01;31m[Kxd_[m[K.p(0) = 0.0;
      |             [01;31m[K^~~[m[K
[01m[K/home/advrob/elfin_ws/src/edu-elfin_simulation/arm_controllers/src/reactive_controller.cpp:451:13:[m[K [01;31m[Kerror: [m[K‚Äò[01m[Kjoint_space[m[K‚Äô was not declared in this scope
  451 |             [01;31m[Kjoint_space[m[K = false;
      |             [01;31m[K^~~~~~~~~~~[m[K
[01m[K/home/advrob/elfin_ws/src/edu-elfin_simulation/arm_controllers/src/reactive_controller.cpp:452:13:[m[K [01;31m[Kerror: [m[K‚Äò[01m[Kxd_[m[K‚Äô was not declared in this scope
  452 |             [01;31m[Kxd_[m[K.p(0) = 0.0;
      |             [01;31m[K^~~[m[K
[01m[K/home/advrob/elfin_ws/src/edu-elfin_simulation/arm_controllers/src/reactive_controller.cpp:460:13:[m[K [01;31m[Kerror: [m[K‚Äò[01m[Kjoint_space[m[K‚Äô was not declared in this scope
  460 |             [01;31m[Kjoint_space[m[K = true;
      |             [01;31m[K^~~~~~~~~~~[m[K
[01m[K/home/advrob/elfin_ws/src/edu-elfin_simulation/arm_controllers/src/reactive_controller.cpp:462:36:[m[K [01;31m[Kerror: [m[K‚Äò[01m[Kn_joints_[m[K‚Äô was not declared in this scope
  462 |             for (size_t i = 0; i < [01;31m[Kn_joints_[m[K; i++)
      |                                    [01;31m[K^~~~~~~~~[m[K
[01m[K/home/advrob/elfin_ws/src/edu-elfin_simulation/arm_controllers/src/reactive_controller.cpp:465:17:[m[K [01;31m[Kerror: [m[K‚Äò[01m[Kqd_ddot_[m[K‚Äô was not declared in this scope
  465 |                 [01;31m[Kqd_ddot_[m[K(i) = -M_PI * M_PI / 4 * 45 * KDL::deg2rad * sin(M_PI / 2 * t);
      |                 [01;31m[K^~~~~~~~[m[K
[01m[K/home/advrob/elfin_ws/src/edu-elfin_simulation/arm_controllers/src/reactive_controller.cpp:466:17:[m[K [01;31m[Kerror: [m[K‚Äò[01m[Kqd_dot_[m[K‚Äô was not declared in this scope
  466 |                 [01;31m[Kqd_dot_[m[K(i) = M_PI / 2 * 45 * KDL::deg2rad * cos(M_PI / 2 * t);
      |                 [01;31m[K^~~~~~~[m[K
[01m[K/home/advrob/elfin_ws/src/edu-elfin_simulation/arm_controllers/src/reactive_controller.cpp:467:17:[m[K [01;31m[Kerror: [m[K‚Äò[01m[Kqd_[m[K‚Äô was not declared in this scope
  467 |                 [01;31m[Kqd_[m[K(i) = 45 * KDL::deg2rad * sin(M_PI / 2* t);
      |                 [01;31m[K^~~[m[K
[01m[K/home/advrob/elfin_ws/src/edu-elfin_simulation/arm_controllers/src/reactive_controller.cpp:471:9:[m[K [01;31m[Kerror: [m[K‚Äò[01m[KKp_use_[m[K‚Äô was not declared in this scope; did you mean ‚Äò[01m[Kpause[m[K‚Äô?
  471 |         [01;31m[KKp_use_[m[K = Kp_;
      |         [01;31m[K^~~~~~~[m[K
      |         [32m[Kpause[m[K
[01m[K/home/advrob/elfin_ws/src/edu-elfin_simulation/arm_controllers/src/reactive_controller.cpp:471:19:[m[K [01;31m[Kerror: [m[K‚Äò[01m[KKp_[m[K‚Äô was not declared in this scope
  471 |         Kp_use_ = [01;31m[KKp_[m[K;
      |                   [01;31m[K^~~[m[K
[01m[K/home/advrob/elfin_ws/src/edu-elfin_simulation/arm_controllers/src/reactive_controller.cpp:472:9:[m[K [01;31m[Kerror: [m[K‚Äò[01m[KKd_use_[m[K‚Äô was not declared in this scope
  472 |         [01;31m[KKd_use_[m[K = Kd_;
      |         [01;31m[K^~~~~~~[m[K
[01m[K/home/advrob/elfin_ws/src/edu-elfin_simulation/arm_controllers/src/reactive_controller.cpp:472:19:[m[K [01;31m[Kerror: [m[K‚Äò[01m[KKd_[m[K‚Äô was not declared in this scope
  472 |         Kd_use_ = [01;31m[KKd_[m[K;
      |                   [01;31m[K^~~[m[K
[01m[K/home/advrob/elfin_ws/src/edu-elfin_simulation/arm_controllers/src/reactive_controller.cpp:474:14:[m[K [01;31m[Kerror: [m[K‚Äò[01m[Kjoint_space[m[K‚Äô was not declared in this scope
  474 |         if (![01;31m[Kjoint_space[m[K)
      |              [01;31m[K^~~~~~~~~~~[m[K
[01m[K/home/advrob/elfin_ws/src/edu-elfin_simulation/arm_controllers/src/reactive_controller.cpp:476:13:[m[K [01;31m[Kerror: [m[K‚Äò[01m[Kjnt_to_jac_solver_[m[K‚Äô was not declared in this scope
  476 |             [01;31m[Kjnt_to_jac_solver_[m[K->JntToJac(q_, J_);   // Jacobian from joint space
      |             [01;31m[K^~~~~~~~~~~~~~~~~~[m[K
[01m[K/home/advrob/elfin_ws/src/edu-elfin_simulation/arm_controllers/src/reactive_controller.cpp:478:13:[m[K [01;31m[Kerror: [m[K‚Äò[01m[KJ_inv_[m[K‚Äô was not declared in this scope
  478 |             [01;31m[KJ_inv_[m[K = J_.data.inverse();             // Jinv
      |             [01;31m[K^~~~~~[m[K
[01m[K/home/advrob/elfin_ws/src/edu-elfin_simulation/arm_controllers/src/reactive_controller.cpp:484:13:[m[K [01;31m[Kerror: [m[K‚Äò[01m[Kex_temp_[m[K‚Äô was not declared in this scope
  484 |             [01;31m[Kex_temp_[m[K = diff(x_, xd_, dt); // error in task-space (full)
      |             [01;31m[K^~~~~~~~[m[K
[01m[K/home/advrob/elfin_ws/src/edu-elfin_simulation/arm_controllers/src/reactive_controller.cpp:484:33:[m[K [01;31m[Kerror: [m[K‚Äò[01m[Kxd_[m[K‚Äô was not declared in this scope
  484 |             ex_temp_ = diff(x_, [01;31m[Kxd_[m[K, dt); // error in task-space (full)
      |                                 [01;31m[K^~~[m[K
[01m[K/home/advrob/elfin_ws/src/edu-elfin_simulation/arm_controllers/src/reactive_controller.cpp:484:24:[m[K [01;31m[Kerror: [m[K‚Äò[01m[Kdiff[m[K‚Äô was not declared in this scope; did you mean ‚Äò[01m[KKDL::diff[m[K‚Äô?
  484 |             ex_temp_ = [01;31m[Kdiff[m[K(x_, xd_, dt); // error in task-space (full)
      |                        [01;31m[K^~~~[m[K
      |                        [32m[KKDL::diff[m[K
In file included from [01m[K/usr/include/kdl/chainfksolver.hpp:26[m[K,
                 from [01m[K/usr/include/kdl/chainfksolverpos_recursive.hpp:25[m[K,
                 from [01m[K/home/advrob/elfin_ws/src/edu-elfin_simulation/arm_controllers/src/reactive_controller.cpp:18[m[K:
[01m[K/usr/include/kdl/framevel.hpp:338:18:[m[K [01;36m[Knote: [m[K‚Äò[01m[KKDL::diff[m[K‚Äô declared here
  338 | IMETHOD TwistVel [01;36m[Kdiff[m[K(const FrameVel& a,const FrameVel& b,double dt=1.0) {
      |                  [01;36m[K^~~~[m[K
[01m[K/home/advrob/elfin_ws/src/edu-elfin_simulation/arm_controllers/src/reactive_controller.cpp:485:36:[m[K [01;31m[Kerror: [m[K‚Äò[01m[Kn_joints_[m[K‚Äô was not declared in this scope
  485 |             for (size_t i = 0; i < [01;31m[Kn_joints_[m[K; i++)
      |                                    [01;31m[K^~~~~~~~~[m[K
[01m[K/home/advrob/elfin_ws/src/edu-elfin_simulation/arm_controllers/src/reactive_controller.cpp:487:17:[m[K [01;31m[Kerror: [m[K‚Äò[01m[Kex_[m[K‚Äô was not declared in this scope; did you mean ‚Äò[01m[Kexp[m[K‚Äô?
  487 |                 [01;31m[Kex_[m[K(i) = ex_temp_(i);
      |                 [01;31m[K^~~[m[K
      |                 [32m[Kexp[m[K
[01m[K/home/advrob/elfin_ws/src/edu-elfin_simulation/arm_controllers/src/reactive_controller.cpp:488:17:[m[K [01;31m[Kerror: [m[K‚Äò[01m[Kxd_dot_[m[K‚Äô was not declared in this scope
  488 |                 [01;31m[Kxd_dot_[m[K(i) = 1 * ex_temp_(i);
      |                 [01;31m[K^~~~~~~[m[K
[01m[K/home/advrob/elfin_ws/src/edu-elfin_simulation/arm_controllers/src/reactive_controller.cpp:489:17:[m[K [01;31m[Kerror: [m[K‚Äò[01m[Kxd_ddot_[m[K‚Äô was not declared in this scope
  489 |                 [01;31m[Kxd_ddot_[m[K(i) = 1 * ex_temp_(i);
      |                 [01;31m[K^~~~~~~~[m[K
[01m[K/home/advrob/elfin_ws/src/edu-elfin_simulation/arm_controllers/src/reactive_controller.cpp:492:13:[m[K [01;31m[Kerror: [m[K‚Äò[01m[Kex_dot_[m[K‚Äô was not declared in this scope
  492 |             [01;31m[Kex_dot_[m[K = xd_dot_ - xdot_;              // vel error
      |             [01;31m[K^~~~~~~[m[K
[01m[K/home/advrob/elfin_ws/src/edu-elfin_simulation/arm_controllers/src/reactive_controller.cpp:492:23:[m[K [01;31m[Kerror: [m[K‚Äò[01m[Kxd_dot_[m[K‚Äô was not declared in this scope
  492 |             ex_dot_ = [01;31m[Kxd_dot_[m[K - xdot_;              // vel error
      |                       [01;31m[K^~~~~~~[m[K
[01m[K/home/advrob/elfin_ws/src/edu-elfin_simulation/arm_controllers/src/reactive_controller.cpp:496:13:[m[K [01;31m[Kerror: [m[K‚Äò[01m[Kqd_[m[K‚Äô was not declared in this scope
  496 |             [01;31m[Kqd_[m[K.data = qd_old_.data + J_inv_ * (K_universal_ * ex_) * dt;
      |             [01;31m[K^~~[m[K
[01m[K/home/advrob/elfin_ws/src/edu-elfin_simulation/arm_controllers/src/reactive_controller.cpp:496:24:[m[K [01;31m[Kerror: [m[K‚Äò[01m[Kqd_old_[m[K‚Äô was not declared in this scope
  496 |             qd_.data = [01;31m[Kqd_old_[m[K.data + J_inv_ * (K_universal_ * ex_) * dt;
      |                        [01;31m[K^~~~~~~[m[K
[01m[K/home/advrob/elfin_ws/src/edu-elfin_simulation/arm_controllers/src/reactive_controller.cpp:496:39:[m[K [01;31m[Kerror: [m[K‚Äò[01m[KJ_inv_[m[K‚Äô was not declared in this scope
  496 |             qd_.data = qd_old_.data + [01;31m[KJ_inv_[m[K * (K_universal_ * ex_) * dt;
      |                                       [01;31m[K^~~~~~[m[K
[01m[K/home/advrob/elfin_ws/src/edu-elfin_simulation/arm_controllers/src/reactive_controller.cpp:496:49:[m[K [01;31m[Kerror: [m[K‚Äò[01m[KK_universal_[m[K‚Äô was not declared in this scope
  496 |             qd_.data = qd_old_.data + J_inv_ * ([01;31m[KK_universal_[m[K * ex_) * dt;
      |                                                 [01;31m[K^~~~~~~~~~~~[m[K
[01m[K/home/advrob/elfin_ws/src/edu-elfin_simulation/arm_controllers/src/reactive_controller.cpp:496:64:[m[K [01;31m[Kerror: [m[K‚Äò[01m[Kex_[m[K‚Äô was not declared in this scope; did you mean ‚Äò[01m[Kexp[m[K‚Äô?
  496 |             qd_.data = qd_old_.data + J_inv_ * (K_universal_ * [01;31m[Kex_[m[K) * dt;
      |                                                                [01;31m[K^~~[m[K
      |                                                                [32m[Kexp[m[K
[01m[K/home/advrob/elfin_ws/src/edu-elfin_simulation/arm_controllers/src/reactive_controller.cpp:498:13:[m[K [01;31m[Kerror: [m[K‚Äò[01m[Kqd_dot_[m[K‚Äô was not declared in this scope
  498 |             [01;31m[Kqd_dot_[m[K.data = J_inv_ * (xd_dot_ + K_universal_ * ex_);
      |             [01;31m[K^~~~~~~[m[K
[01m[K/home/advrob/elfin_ws/src/edu-elfin_simulation/arm_controllers/src/reactive_controller.cpp:499:13:[m[K [01;31m[Kerror: [m[K‚Äò[01m[Kqd_ddot_[m[K‚Äô was not declared in this scope
  499 |             [01;31m[Kqd_ddot_[m[K.data = (qd_dot_.data - qd_dot_old_.data) / dt; // qdd = qd d/dt
      |             [01;31m[K^~~~~~~~[m[K
[01m[K/home/advrob/elfin_ws/src/edu-elfin_simulation/arm_controllers/src/reactive_controller.cpp:499:45:[m[K [01;31m[Kerror: [m[K‚Äò[01m[Kqd_dot_old_[m[K‚Äô was not declared in this scope
  499 |             qd_ddot_.data = (qd_dot_.data - [01;31m[Kqd_dot_old_[m[K.data) / dt; // qdd = qd d/dt
      |                                             [01;31m[K^~~~~~~~~~~[m[K
[01m[K/home/advrob/elfin_ws/src/edu-elfin_simulation/arm_controllers/src/reactive_controller.cpp:501:36:[m[K [01;31m[Kerror: [m[K‚Äò[01m[Kn_joints_[m[K‚Äô was not declared in this scope
  501 |             for (size_t i = 0; i < [01;31m[Kn_joints_[m[K; i++)
      |                                    [01;31m[K^~~~~~~~~[m[K
[01m[K/home/advrob/elfin_ws/src/edu-elfin_simulation/arm_controllers/src/reactive_controller.cpp:503:30:[m[K [01;31m[Kerror: [m[K‚Äò[01m[KwrapToPi[m[K‚Äô was not declared in this scope
  503 |                 qd_dot_(i) = [01;31m[KwrapToPi[m[K(qd_dot_(i));
      |                              [01;31m[K^~~~~~~~[m[K
[01m[K/home/advrob/elfin_ws/src/edu-elfin_simulation/arm_controllers/src/reactive_controller.cpp:[m[K In function ‚Äò[01m[Kvoid arm_controllers::save_data()[m[K‚Äô:
[01m[K/home/advrob/elfin_ws/src/edu-elfin_simulation/arm_controllers/src/reactive_controller.cpp:574:9:[m[K [01;31m[Kerror: [m[K‚Äò[01m[KSaveData_[m[K‚Äô was not declared in this scope; did you mean ‚Äò[01m[KSaveDataMax[m[K‚Äô?
  574 |         [01;31m[KSaveData_[m[K[0] = t;
      |         [01;31m[K^~~~~~~~~[m[K
      |         [32m[KSaveDataMax[m[K
[01m[K/home/advrob/elfin_ws/src/edu-elfin_simulation/arm_controllers/src/reactive_controller.cpp:574:24:[m[K [01;31m[Kerror: [m[K‚Äò[01m[Kt[m[K‚Äô was not declared in this scope; did you mean ‚Äò[01m[Ktm[m[K‚Äô?
  574 |         SaveData_[0] = [01;31m[Kt[m[K;
      |                        [01;31m[K^[m[K
      |                        [32m[Ktm[m[K
[01m[K/home/advrob/elfin_ws/src/edu-elfin_simulation/arm_controllers/src/reactive_controller.cpp:577:24:[m[K [01;31m[Kerror: [m[K‚Äò[01m[Kqd_[m[K‚Äô was not declared in this scope
  577 |         SaveData_[1] = [01;31m[Kqd_[m[K(0);
      |                        [01;31m[K^~~[m[K
[01m[K/home/advrob/elfin_ws/src/edu-elfin_simulation/arm_controllers/src/reactive_controller.cpp:585:24:[m[K [01;31m[Kerror: [m[K‚Äò[01m[Kqd_dot_[m[K‚Äô was not declared in this scope
  585 |         SaveData_[7] = [01;31m[Kqd_dot_[m[K(0);
      |                        [01;31m[K^~~~~~~[m[K
[01m[K/home/advrob/elfin_ws/src/edu-elfin_simulation/arm_controllers/src/reactive_controller.cpp:593:25:[m[K [01;31m[Kerror: [m[K‚Äò[01m[Kqd_ddot_[m[K‚Äô was not declared in this scope
  593 |         SaveData_[13] = [01;31m[Kqd_ddot_[m[K(0);
      |                         [01;31m[K^~~~~~~~[m[K
[01m[K/home/advrob/elfin_ws/src/edu-elfin_simulation/arm_controllers/src/reactive_controller.cpp:601:25:[m[K [01;31m[Kerror: [m[K‚Äò[01m[Kq_[m[K‚Äô was not declared in this scope
  601 |         SaveData_[19] = [01;31m[Kq_[m[K(0);
      |                         [01;31m[K^~[m[K
[01m[K/home/advrob/elfin_ws/src/edu-elfin_simulation/arm_controllers/src/reactive_controller.cpp:609:25:[m[K [01;31m[Kerror: [m[K‚Äò[01m[Kqdot_[m[K‚Äô was not declared in this scope; did you mean ‚Äò[01m[Kqsort_r[m[K‚Äô?
  609 |         SaveData_[25] = [01;31m[Kqdot_[m[K(0);
      |                         [01;31m[K^~~~~[m[K
      |                         [32m[Kqsort_r[m[K
[01m[K/home/advrob/elfin_ws/src/edu-elfin_simulation/arm_controllers/src/reactive_controller.cpp:617:25:[m[K [01;31m[Kerror: [m[K‚Äò[01m[Ke_[m[K‚Äô was not declared in this scope
  617 |         SaveData_[31] = [01;31m[Ke_[m[K(0);
      |                         [01;31m[K^~[m[K
[01m[K/home/advrob/elfin_ws/src/edu-elfin_simulation/arm_controllers/src/reactive_controller.cpp:625:25:[m[K [01;31m[Kerror: [m[K‚Äò[01m[Ke_dot_[m[K‚Äô was not declared in this scope
  625 |         SaveData_[37] = [01;31m[Ke_dot_[m[K(0);
      |                         [01;31m[K^~~~~~[m[K
[01m[K/home/advrob/elfin_ws/src/edu-elfin_simulation/arm_controllers/src/reactive_controller.cpp:633:25:[m[K [01;31m[Kerror: [m[K‚Äò[01m[Ke_int_[m[K‚Äô was not declared in this scope; did you mean ‚Äò[01m[Ku_int[m[K‚Äô?
  633 |         SaveData_[43] = [01;31m[Ke_int_[m[K(0);
      |                         [01;31m[K^~~~~~[m[K
      |                         [32m[Ku_int[m[K
[01m[K/home/advrob/elfin_ws/src/edu-elfin_simulation/arm_controllers/src/reactive_controller.cpp:641:25:[m[K [01;31m[Kerror: [m[K‚Äò[01m[Kx_[m[K‚Äô was not declared in this scope
  641 |         SaveData_[49] = [01;31m[Kx_[m[K.p(0);
      |                         [01;31m[K^~[m[K
[01m[K/home/advrob/elfin_ws/src/edu-elfin_simulation/arm_controllers/src/reactive_controller.cpp:646:25:[m[K [01;31m[Kerror: [m[K‚Äò[01m[Kxd_[m[K‚Äô was not declared in this scope
  646 |         SaveData_[52] = [01;31m[Kxd_[m[K.p(0);
      |                         [01;31m[K^~~[m[K
[01m[K/home/advrob/elfin_ws/src/edu-elfin_simulation/arm_controllers/src/reactive_controller.cpp:651:9:[m[K [01;31m[Kerror: [m[K‚Äò[01m[Kmsg_qd_[m[K‚Äô was not declared in this scope
  651 |         [01;31m[Kmsg_qd_[m[K.data.clear();
      |         [01;31m[K^~~~~~~[m[K
[01m[K/home/advrob/elfin_ws/src/edu-elfin_simulation/arm_controllers/src/reactive_controller.cpp:652:9:[m[K [01;31m[Kerror: [m[K‚Äò[01m[Kmsg_q_[m[K‚Äô was not declared in this scope
  652 |         [01;31m[Kmsg_q_[m[K.data.clear();
      |         [01;31m[K^~~~~~[m[K
[01m[K/home/advrob/elfin_ws/src/edu-elfin_simulation/arm_controllers/src/reactive_controller.cpp:653:9:[m[K [01;31m[Kerror: [m[K‚Äò[01m[Kmsg_e_[m[K‚Äô was not declared in this scope
  653 |         [01;31m[Kmsg_e_[m[K.data.clear();
      |         [01;31m[K^~~~~~[m[K
[01m[K/home/advrob/elfin_ws/src/edu-elfin_simulation/arm_controllers/src/reactive_controller.cpp:655:9:[m[K [01;31m[Kerror: [m[K‚Äò[01m[Kmsg_SaveData_[m[K‚Äô was not declared in this scope
  655 |         [01;31m[Kmsg_SaveData_[m[K.data.clear();
      |         [01;31m[K^~~~~~~~~~~~~[m[K
[01m[K/home/advrob/elfin_ws/src/edu-elfin_simulation/arm_controllers/src/reactive_controller.cpp:658:29:[m[K [01;31m[Kerror: [m[K‚Äò[01m[Kn_joints_[m[K‚Äô was not declared in this scope
  658 |         for (int i = 0; i < [01;31m[Kn_joints_[m[K; i++)
      |                             [01;31m[K^~~~~~~~~[m[K
[01m[K/home/advrob/elfin_ws/src/edu-elfin_simulation/arm_controllers/src/reactive_controller.cpp:671:9:[m[K [01;31m[Kerror: [m[K‚Äò[01m[Kpub_qd_[m[K‚Äô was not declared in this scope
  671 |         [01;31m[Kpub_qd_[m[K.publish(msg_qd_);
      |         [01;31m[K^~~~~~~[m[K
[01m[K/home/advrob/elfin_ws/src/edu-elfin_simulation/arm_controllers/src/reactive_controller.cpp:672:9:[m[K [01;31m[Kerror: [m[K‚Äò[01m[Kpub_q_[m[K‚Äô was not declared in this scope
  672 |         [01;31m[Kpub_q_[m[K.publish(msg_q_);
      |         [01;31m[K^~~~~~[m[K
[01m[K/home/advrob/elfin_ws/src/edu-elfin_simulation/arm_controllers/src/reactive_controller.cpp:673:9:[m[K [01;31m[Kerror: [m[K‚Äò[01m[Kpub_e_[m[K‚Äô was not declared in this scope
  673 |         [01;31m[Kpub_e_[m[K.publish(msg_e_);
      |         [01;31m[K^~~~~~[m[K
[01m[K/home/advrob/elfin_ws/src/edu-elfin_simulation/arm_controllers/src/reactive_controller.cpp:675:9:[m[K [01;31m[Kerror: [m[K‚Äò[01m[Kpub_SaveData_[m[K‚Äô was not declared in this scope
  675 |         [01;31m[Kpub_SaveData_[m[K.publish(msg_SaveData_);
      |         [01;31m[K^~~~~~~~~~~~~[m[K
[01m[K/home/advrob/elfin_ws/src/edu-elfin_simulation/arm_controllers/src/reactive_controller.cpp:[m[K In function ‚Äò[01m[Kvoid arm_controllers::print_state()[m[K‚Äô:
[01m[K/home/advrob/elfin_ws/src/edu-elfin_simulation/arm_controllers/src/reactive_controller.cpp:685:32:[m[K [01;31m[Kerror: [m[K‚Äò[01m[Kt[m[K‚Äô was not declared in this scope; did you mean ‚Äò[01m[Ktm[m[K‚Äô?
  685 |             printf("t = %f\n", [01;31m[Kt[m[K);
      |                                [01;31m[K^[m[K
      |                                [32m[Ktm[m[K
[01m[K/home/advrob/elfin_ws/src/edu-elfin_simulation/arm_controllers/src/reactive_controller.cpp:697:36:[m[K [01;31m[Kerror: [m[K‚Äò[01m[Kqd_[m[K‚Äô was not declared in this scope
  697 |             printf("qd_(0): %f, ", [01;31m[Kqd_[m[K(0));
      |                                    [01;31m[K^~~[m[K
[01m[K/home/advrob/elfin_ws/src/edu-elfin_simulation/arm_controllers/src/reactive_controller.cpp:714:35:[m[K [01;31m[Kerror: [m[K‚Äò[01m[Kq_[m[K‚Äô was not declared in this scope
  714 |             printf("q_(0): %f, ", [01;31m[Kq_[m[K(0));
      |                                   [01;31m[K^~[m[K
[01m[K/home/advrob/elfin_ws/src/edu-elfin_simulation/arm_controllers/src/reactive_controller.cpp:732:28:[m[K [01;31m[Kerror: [m[K‚Äò[01m[Ke_[m[K‚Äô was not declared in this scope
  732 |             printf("%f, ", [01;31m[Ke_[m[K(0));
      |                            [01;31m[K^~[m[K
[01m[K/home/advrob/elfin_ws/src/edu-elfin_simulation/arm_controllers/src/reactive_controller.cpp:740:18:[m[K [01;31m[Kerror: [m[K‚Äò[01m[Kjoint_space[m[K‚Äô was not declared in this scope
  740 |             if (![01;31m[Kjoint_space[m[K)
      |                  [01;31m[K^~~~~~~~~~~[m[K
[01m[K/home/advrob/elfin_ws/src/edu-elfin_simulation/arm_controllers/src/reactive_controller.cpp:743:32:[m[K [01;31m[Kerror: [m[K‚Äò[01m[Kx_[m[K‚Äô was not declared in this scope
  743 |                 printf("%f, ", [01;31m[Kx_[m[K.p(0));
      |                                [01;31m[K^~[m[K
[01m[K/home/advrob/elfin_ws/src/edu-elfin_simulation/arm_controllers/src/reactive_controller.cpp:748:32:[m[K [01;31m[Kerror: [m[K‚Äò[01m[Kxd_[m[K‚Äô was not declared in this scope
  748 |                 printf("%f, ", [01;31m[Kxd_[m[K.p(0));
      |                                [01;31m[K^~~[m[K
[01m[K/home/advrob/elfin_ws/src/edu-elfin_simulation/arm_controllers/src/reactive_controller.cpp:[m[K At global scope:
[01m[K/home/advrob/elfin_ws/src/edu-elfin_simulation/arm_controllers/src/reactive_controller.cpp:758:3:[m[K [01;31m[Kerror: [m[Kexpected unqualified-id before ‚Äò[01m[Kprivate[m[K‚Äô
  758 |   [01;31m[Kprivate[m[K:
      |   [01;31m[K^~~~~~~[m[K
[01m[K/home/advrob/elfin_ws/src/edu-elfin_simulation/arm_controllers/src/reactive_controller.cpp:840:1:[m[K [01;31m[Kerror: [m[Kexpected declaration before ‚Äò[01m[K}[m[K‚Äô token
  840 | [01;31m[K}[m[K; // namespace arm_controllers
      | [01;31m[K^[m[K
make[2]: *** [CMakeFiles/arm_controllers.dir/build.make:154: CMakeFiles/arm_controllers.dir/src/reactive_controller.cpp.o] Error 1
make[1]: *** [CMakeFiles/Makefile2:385: CMakeFiles/arm_controllers.dir/all] Error 2
make: *** [Makefile:141: all] Error 2
