[01m[K/home/advrob/elfin_ws/src/edu-elfin_simulation/arm_controllers/src/reactive_controller.cpp:[m[K In member function â€˜[01m[Kvirtual void arm_controllers::reactive_controller::update(const ros::Time&, const ros::Duration&)[m[Kâ€™:
[01m[K/home/advrob/elfin_ws/src/edu-elfin_simulation/arm_controllers/src/reactive_controller.cpp:517:21:[m[K [01;31m[Kerror: [m[Kâ€˜[01m[Kqd[m[Kâ€™ was not declared in this scope; did you mean â€˜[01m[Kqd_[m[Kâ€™?
  517 |                 if ([01;31m[Kqd[m[K(i) >= PI)
      |                     [01;31m[K^~[m[K
      |                     [32m[Kqd_[m[K
make[2]: *** [CMakeFiles/arm_controllers.dir/build.make:154: CMakeFiles/arm_controllers.dir/src/reactive_controller.cpp.o] Error 1
make[1]: *** [CMakeFiles/Makefile2:385: CMakeFiles/arm_controllers.dir/all] Error 2
make: *** [Makefile:141: all] Error 2
