[01m[K/home/advrob/elfin_ws/src/edu-elfin_simulation/arm_controllers/src/reactive_controller.cpp:[m[K In member function â€˜[01m[Kvirtual bool arm_controllers::reactive_controller::init(hardware_interface::EffortJointInterface*, ros::NodeHandle&)[m[Kâ€™:
[01m[K/home/advrob/elfin_ws/src/edu-elfin_simulation/arm_controllers/src/reactive_controller.cpp:212:51:[m[K [01;31m[Kerror: [m[Kfound â€˜[01m[K:[m[Kâ€™ in nested-name-specifier, expected â€˜[01m[K::[m[Kâ€™
  212 |         qd_dot_old_.data = Eigen::VectorXd::Zero(n[01;31m[K:[m[Kjoints_);
      |                                                   [01;31m[K^[m[K
      |                                                   [32m[K::[m[K
[01m[K/home/advrob/elfin_ws/src/edu-elfin_simulation/arm_controllers/src/reactive_controller.cpp:212:50:[m[K [01;31m[Kerror: [m[Kâ€˜[01m[Kn[m[Kâ€™ is not a class, namespace, or enumeration
  212 |         qd_dot_old_.data = Eigen::VectorXd::Zero([01;31m[Kn[m[K:joints_);
      |                                                  [01;31m[K^[m[K
make[2]: *** [CMakeFiles/arm_controllers.dir/build.make:154: CMakeFiles/arm_controllers.dir/src/reactive_controller.cpp.o] Error 1
make[1]: *** [CMakeFiles/Makefile2:385: CMakeFiles/arm_controllers.dir/all] Error 2
make: *** [Makefile:141: all] Error 2
