[01m[K/home/advrob/elfin_ws/src/edu-elfin_simulation/arm_controllers/src/velocity_controller.cpp:[m[K In member function â€˜[01m[Kvirtual void arm_controllers::velocity_controller::update(const ros::Time&, const ros::Duration&)[m[Kâ€™:
[01m[K/home/advrob/elfin_ws/src/edu-elfin_simulation/arm_controllers/src/velocity_controller.cpp:364:34:[m[K [01;31m[Kerror: [m[Kno match for â€˜[01m[Koperator=[m[Kâ€™ (operand types are â€˜[01m[KKDL::Jacobian[m[Kâ€™ and â€˜[01m[Kconst Eigen::Inverse<Eigen::Matrix<double, 6, -1> >[m[Kâ€™)
  364 |         J_inv_ = J_.data.inverse([01;31m[K)[m[K;
      |                                  [01;31m[K^[m[K
In file included from [01m[K/usr/include/kdl/jntarray.hpp:26[m[K,
                 from [01m[K/usr/include/kdl/chainidsolver.hpp:27[m[K,
                 from [01m[K/usr/include/kdl/chainidsolver_recursive_newton_euler.hpp:25[m[K,
                 from [01m[K/usr/include/kdl/chaindynparam.hpp:25[m[K,
                 from [01m[K/home/advrob/elfin_ws/src/edu-elfin_simulation/arm_controllers/src/velocity_controller.cpp:15[m[K:
[01m[K/usr/include/kdl/jacobian.hpp:50:19:[m[K [01;36m[Knote: [m[Kcandidate: â€˜[01m[KKDL::Jacobian& KDL::Jacobian::operator=(const KDL::Jacobian&)[m[Kâ€™
   50 |         Jacobian& [01;36m[Koperator[m[K=(const Jacobian& arg);
      |                   [01;36m[K^~~~~~~~[m[K
[01m[K/usr/include/kdl/jacobian.hpp:50:45:[m[K [01;36m[Knote: [m[K  no known conversion for argument 1 from â€˜[01m[Kconst Eigen::Inverse<Eigen::Matrix<double, 6, -1> >[m[Kâ€™ to â€˜[01m[Kconst KDL::Jacobian&[m[Kâ€™
   50 |         Jacobian& operator=([01;36m[Kconst Jacobian& arg[m[K);
      |                             [01;36m[K~~~~~~~~~~~~~~~~^~~[m[K
make[2]: *** [CMakeFiles/arm_controllers.dir/build.make:141: CMakeFiles/arm_controllers.dir/src/velocity_controller.cpp.o] Error 1
make[1]: *** [CMakeFiles/Makefile2:385: CMakeFiles/arm_controllers.dir/all] Error 2
make: *** [Makefile:141: all] Error 2
