[01m[K/home/advrob/elfin_ws/src/edu-elfin_simulation/arm_controllers/src/velocity_controller.cpp:[m[K In member function â€˜[01m[Kvirtual bool arm_controllers::velocity_controller::init(hardware_interface::EffortJointInterface*, ros::NodeHandle&)[m[Kâ€™:
[01m[K/home/advrob/elfin_ws/src/edu-elfin_simulation/arm_controllers/src/velocity_controller.cpp:234:34:[m[K [01;31m[Kerror: [m[Kexpected type-specifier
  234 |         fk_vel_solver_.reset(new [01;31m[KKDL[m[K::ChainFkSolverVel_recursive(kdl_chain_));
      |                                  [01;31m[K^~~[m[K
[01m[K/home/advrob/elfin_ws/src/edu-elfin_simulation/arm_controllers/src/velocity_controller.cpp:[m[K In member function â€˜[01m[Kvirtual void arm_controllers::velocity_controller::update(const ros::Time&, const ros::Duration&)[m[Kâ€™:
[01m[K/home/advrob/elfin_ws/src/edu-elfin_simulation/arm_controllers/src/velocity_controller.cpp:322:38:[m[K [01;31m[Kerror: [m[Kexpected primary-expression before â€˜[01m[K,[m[Kâ€™ token
  322 |         fk_vel_solver_->JntToCart(q_&[01;31m[K,[m[K x_&);
      |                                      [01;31m[K^[m[K
[01m[K/home/advrob/elfin_ws/src/edu-elfin_simulation/arm_controllers/src/velocity_controller.cpp:322:43:[m[K [01;31m[Kerror: [m[Kexpected primary-expression before â€˜[01m[K)[m[Kâ€™ token
  322 |         fk_vel_solver_->JntToCart(q_&, x_&[01;31m[K)[m[K;
      |                                           [01;31m[K^[m[K
make[2]: *** [CMakeFiles/arm_controllers.dir/build.make:141: CMakeFiles/arm_controllers.dir/src/velocity_controller.cpp.o] Error 1
make[1]: *** [CMakeFiles/Makefile2:385: CMakeFiles/arm_controllers.dir/all] Error 2
make: *** [Makefile:141: all] Error 2
