[01m[K/home/advrob/elfin_ws/src/edu-elfin_simulation/arm_controllers/src/reactive_controller.cpp:263:29:[m[K [01;31m[Kerror: [m[Kâ€˜[01m[Kstring[m[Kâ€™ does not name a type; did you mean â€˜[01m[Kstdin[m[Kâ€™?
  263 |     void burgerPasser(const [01;31m[Kstring[m[K &KEY)
      |                             [01;31m[K^~~~~~[m[K
      |                             [32m[Kstdin[m[K
[01m[K/home/advrob/elfin_ws/src/edu-elfin_simulation/arm_controllers/src/reactive_controller.cpp:[m[K In member function â€˜[01m[Kvoid arm_controllers::reactive_controller::keyCmd(const ConstPtr&)[m[Kâ€™:
[01m[K/home/advrob/elfin_ws/src/edu-elfin_simulation/arm_controllers/src/reactive_controller.cpp:253:33:[m[K [01;35m[Kwarning: [m[Kformat not a string literal and no format arguments [[01;35m[K-Wformat-security[m[K]
  253 |         printf(msg->data.c_str()[01;35m[K)[m[K;
      |                                 [01;35m[K^[m[K
[01m[K/home/advrob/elfin_ws/src/edu-elfin_simulation/arm_controllers/src/reactive_controller.cpp:[m[K In member function â€˜[01m[Kvoid arm_controllers::reactive_controller::burgerPasser(const int&)[m[Kâ€™:
[01m[K/home/advrob/elfin_ws/src/edu-elfin_simulation/arm_controllers/src/reactive_controller.cpp:267:9:[m[K [01;31m[Kerror: [m[Kâ€˜[01m[Kfstream[m[Kâ€™ was not declared in this scope; did you mean â€˜[01m[Kstd::fstream[m[Kâ€™?
  267 |         [01;31m[Kfstream[m[K newfile;
      |         [01;31m[K^~~~~~~[m[K
      |         [32m[Kstd::fstream[m[K
In file included from [01m[K/usr/include/c++/9/bits/localefwd.h:41[m[K,
                 from [01m[K/usr/include/c++/9/string:43[m[K,
                 from [01m[K/opt/ros/noetic/include/ros/forwards.h:31[m[K,
                 from [01m[K/opt/ros/noetic/include/ros/node_handle.h:31[m[K,
                 from [01m[K/opt/ros/noetic/include/controller_interface/controller_base.h:35[m[K,
                 from [01m[K/opt/ros/noetic/include/controller_interface/controller.h:35[m[K,
                 from [01m[K/home/advrob/elfin_ws/src/edu-elfin_simulation/arm_controllers/src/reactive_controller.cpp:2[m[K:
[01m[K/usr/include/c++/9/iosfwd:168:33:[m[K [01;36m[Knote: [m[Kâ€˜[01m[Kstd::fstream[m[Kâ€™ declared here
  168 |   typedef basic_fstream<char>   [01;36m[Kfstream[m[K;
      |                                 [01;36m[K^~~~~~~[m[K
[01m[K/home/advrob/elfin_ws/src/edu-elfin_simulation/arm_controllers/src/reactive_controller.cpp:268:9:[m[K [01;31m[Kerror: [m[Kâ€˜[01m[Knewfile[m[Kâ€™ was not declared in this scope
  268 |         [01;31m[Knewfile[m[K.open("burger_key", ios::out);
      |         [01;31m[K^~~~~~~[m[K
[01m[K/home/advrob/elfin_ws/src/edu-elfin_simulation/arm_controllers/src/reactive_controller.cpp:268:36:[m[K [01;31m[Kerror: [m[Kâ€˜[01m[Kios[m[Kâ€™ has not been declared
  268 |         newfile.open("burger_key", [01;31m[Kios[m[K::out);
      |                                    [01;31m[K^~~[m[K
[01m[K/home/advrob/elfin_ws/src/edu-elfin_simulation/arm_controllers/src/reactive_controller.cpp:270:13:[m[K [01;31m[Kerror: [m[Kâ€˜[01m[Kstring[m[Kâ€™ was not declared in this scope
  270 |             [01;31m[Kstring[m[K text;
      |             [01;31m[K^~~~~~[m[K
[01m[K/home/advrob/elfin_ws/src/edu-elfin_simulation/arm_controllers/src/reactive_controller.cpp:270:13:[m[K [01;36m[Knote: [m[Ksuggested alternatives:
In file included from [01m[K/usr/include/c++/9/string:39[m[K,
                 from [01m[K/opt/ros/noetic/include/ros/forwards.h:31[m[K,
                 from [01m[K/opt/ros/noetic/include/ros/node_handle.h:31[m[K,
                 from [01m[K/opt/ros/noetic/include/controller_interface/controller_base.h:35[m[K,
                 from [01m[K/opt/ros/noetic/include/controller_interface/controller.h:35[m[K,
                 from [01m[K/home/advrob/elfin_ws/src/edu-elfin_simulation/arm_controllers/src/reactive_controller.cpp:2[m[K:
[01m[K/usr/include/c++/9/bits/stringfwd.h:79:33:[m[K [01;36m[Knote: [m[K  â€˜[01m[Kstd::string[m[Kâ€™
   79 |   typedef basic_string<char>    [01;36m[Kstring[m[K;
      |                                 [01;36m[K^~~~~~[m[K
In file included from [01m[K/usr/include/boost/lexical_cast/detail/converter_lexical.hpp:52[m[K,
                 from [01m[K/usr/include/boost/lexical_cast/try_lexical_convert.hpp:44[m[K,
                 from [01m[K/usr/include/boost/lexical_cast.hpp:32[m[K,
                 from [01m[K/opt/ros/noetic/include/ros/transport_hints.h:34[m[K,
                 from [01m[K/opt/ros/noetic/include/ros/subscribe_options.h:33[m[K,
                 from [01m[K/opt/ros/noetic/include/ros/node_handle.h:42[m[K,
                 from [01m[K/opt/ros/noetic/include/controller_interface/controller_base.h:35[m[K,
                 from [01m[K/opt/ros/noetic/include/controller_interface/controller.h:35[m[K,
                 from [01m[K/home/advrob/elfin_ws/src/edu-elfin_simulation/arm_controllers/src/reactive_controller.cpp:2[m[K:
[01m[K/usr/include/boost/container/container_fwd.hpp:191:31:[m[K [01;36m[Knote: [m[K  â€˜[01m[Kboost::container::string[m[Kâ€™
  191 | typedef basic_string <char>   [01;36m[Kstring[m[K;
      |                               [01;36m[K^~~~~~[m[K
[01m[K/home/advrob/elfin_ws/src/edu-elfin_simulation/arm_controllers/src/reactive_controller.cpp:272:20:[m[K [01;31m[Kerror: [m[Kinvalid conversion from â€˜[01m[Kchar[m[Kâ€™ to â€˜[01m[Kconst char*[m[Kâ€™ [[01;31m[K-fpermissive[m[K]
  272 |             printf([01;31m[Ktext[m[K);
      |                    [01;31m[K^~~~[m[K
      |                    [01;31m[K|[m[K
      |                    [01;31m[Kchar[m[K
In file included from [01m[K/usr/include/c++/9/cstdio:42[m[K,
                 from [01m[K/usr/include/c++/9/ext/string_conversions.h:43[m[K,
                 from [01m[K/usr/include/c++/9/bits/basic_string.h:6496[m[K,
                 from [01m[K/usr/include/c++/9/string:55[m[K,
                 from [01m[K/opt/ros/noetic/include/ros/forwards.h:31[m[K,
                 from [01m[K/opt/ros/noetic/include/ros/node_handle.h:31[m[K,
                 from [01m[K/opt/ros/noetic/include/controller_interface/controller_base.h:35[m[K,
                 from [01m[K/opt/ros/noetic/include/controller_interface/controller.h:35[m[K,
                 from [01m[K/home/advrob/elfin_ws/src/edu-elfin_simulation/arm_controllers/src/reactive_controller.cpp:2[m[K:
[01m[K/usr/include/stdio.h:332:43:[m[K [01;36m[Knote: [m[K  initializing argument 1 of â€˜[01m[Kint printf(const char*, ...)[m[Kâ€™
  332 | extern int printf ([01;36m[Kconst char *__restrict __format[m[K, ...);
      |                    [01;36m[K~~~~~~~~~~~~~~~~~~~~~~~^~~~~~~~[m[K
[01m[K/home/advrob/elfin_ws/src/edu-elfin_simulation/arm_controllers/src/reactive_controller.cpp:272:24:[m[K [01;35m[Kwarning: [m[Kformat not a string literal and no format arguments [[01;35m[K-Wformat-security[m[K]
  272 |             printf(text[01;35m[K)[m[K;
      |                        [01;35m[K^[m[K
[01m[K/home/advrob/elfin_ws/src/edu-elfin_simulation/arm_controllers/src/reactive_controller.cpp:277:16:[m[K [01;31m[Kerror: [m[Kreturn-statement with a value, in function returning â€˜[01m[Kvoid[m[Kâ€™ [[01;31m[K-fpermissive[m[K]
  277 |         return [01;31m[Kchange_trajectory[m[K;
      |                [01;31m[K^~~~~~~~~~~~~~~~~[m[K
[01m[K/home/advrob/elfin_ws/src/edu-elfin_simulation/arm_controllers/src/reactive_controller.cpp:[m[K In member function â€˜[01m[Kvirtual void arm_controllers::reactive_controller::update(const ros::Time&, const ros::Duration&)[m[Kâ€™:
[01m[K/home/advrob/elfin_ws/src/edu-elfin_simulation/arm_controllers/src/reactive_controller.cpp:355:35:[m[K [01;31m[Kerror: [m[Kinvalid conversion from â€˜[01m[Kconst char*[m[Kâ€™ to â€˜[01m[Kint[m[Kâ€™ [[01;31m[K-fpermissive[m[K]
  355 |         TASK_SPACE = burgerPasser([01;31m[K"KEY_DOWN"[m[K);
      |                                   [01;31m[K^~~~~~~~~~[m[K
      |                                   [01;31m[K|[m[K
      |                                   [01;31m[Kconst char*[m[K
[01m[K/home/advrob/elfin_ws/src/edu-elfin_simulation/arm_controllers/src/reactive_controller.cpp:263:37:[m[K [01;36m[Knote: [m[K  initializing argument 1 of â€˜[01m[Kvoid arm_controllers::reactive_controller::burgerPasser(const int&)[m[Kâ€™
  263 |     void burgerPasser([01;36m[Kconst string &KEY[m[K)
      |                       [01;36m[K~~~~~~~~~~~~~~^~~[m[K
[01m[K/home/advrob/elfin_ws/src/edu-elfin_simulation/arm_controllers/src/reactive_controller.cpp:355:34:[m[K [01;31m[Kerror: [m[Kvoid value not ignored as it ought to be
  355 |         TASK_SPACE = [01;31m[KburgerPasser("KEY_DOWN")[m[K;
      |                      [01;31m[K~~~~~~~~~~~~^~~~~~~~~~~~[m[K
make[2]: *** [CMakeFiles/arm_controllers.dir/build.make:154: CMakeFiles/arm_controllers.dir/src/reactive_controller.cpp.o] Error 1
make[1]: *** [CMakeFiles/Makefile2:385: CMakeFiles/arm_controllers.dir/all] Error 2
make: *** [Makefile:141: all] Error 2
