[01m[K/home/advrob/elfin_ws/src/edu-elfin_simulation/arm_controllers/src/velocity_controller.cpp:[m[K In member function â€˜[01m[Kvirtual void arm_controllers::velocity_controller::update(const ros::Time&, const ros::Duration&)[m[Kâ€™:
[01m[K/home/advrob/elfin_ws/src/edu-elfin_simulation/arm_controllers/src/velocity_controller.cpp:454:9:[m[K [01;31m[Kerror: [m[Kâ€˜[01m[Kaux_d[m[Kâ€™ was not declared in this scope; did you mean â€˜[01m[Kaux_d_[m[Kâ€™?
  454 |         [01;31m[Kaux_d[m[K.data = M_.data * (qd_ddot_.data + Kd_.data.cwiseProduct(e_dot_.data));
      |         [01;31m[K^~~~~[m[K
      |         [32m[Kaux_d_[m[K
make[2]: *** [CMakeFiles/arm_controllers.dir/build.make:141: CMakeFiles/arm_controllers.dir/src/velocity_controller.cpp.o] Error 1
make[1]: *** [CMakeFiles/Makefile2:385: CMakeFiles/arm_controllers.dir/all] Error 2
make: *** [Makefile:141: all] Error 2
