[01m[K/home/advrob/elfin_ws/src/edu-elfin_simulation/arm_controllers/src/reactive_controller.cpp:[m[K In member function â€˜[01m[Kvirtual void arm_controllers::reactive_controller::update(const ros::Time&, const ros::Duration&)[m[Kâ€™:
[01m[K/home/advrob/elfin_ws/src/edu-elfin_simulation/arm_controllers/src/reactive_controller.cpp:508:58:[m[K [01;31m[Kerror: [m[Kexpected â€˜[01m[K;[m[Kâ€™ before â€˜[01m[Kqd_dot_[m[Kâ€™
  508 |             qd_.data = J_inv_ * (K_universal_ * ex_) * dt
      |                                                          [01;31m[K^[m[K
      |                                                          [32m[K;[m[K
  509 | 
  510 |             [32m[Kqd_dot_[m[K.data = J_inv_ * (xd_dot_ + K_universal_ * ex_);
      |             [32m[K~~~~~~~[m[K                                       
make[2]: *** [CMakeFiles/arm_controllers.dir/build.make:154: CMakeFiles/arm_controllers.dir/src/reactive_controller.cpp.o] Error 1
make[1]: *** [CMakeFiles/Makefile2:385: CMakeFiles/arm_controllers.dir/all] Error 2
make: *** [Makefile:141: all] Error 2
