[01m[K/home/advrob/elfin_ws/src/edu-elfin_simulation/arm_controllers/src/reactive_controller.cpp:[m[K In member function â€˜[01m[Kvirtual void arm_controllers::reactive_controller::update(const ros::Time&, const ros::Duration&)[m[Kâ€™:
[01m[K/home/advrob/elfin_ws/src/edu-elfin_simulation/arm_controllers/src/reactive_controller.cpp:508:13:[m[K [01;31m[Kerror: [m[Kâ€˜[01m[Kqd_dot[m[Kâ€™ was not declared in this scope; did you mean â€˜[01m[Kqd_dot_[m[Kâ€™?
  508 |             [01;31m[Kqd_dot[m[K.data = J_inv_ * (kd_dot_ + K_universal_ * ex_):
      |             [01;31m[K^~~~~~[m[K
      |             [32m[Kqd_dot_[m[K
[01m[K/home/advrob/elfin_ws/src/edu-elfin_simulation/arm_controllers/src/reactive_controller.cpp:508:37:[m[K [01;31m[Kerror: [m[Kâ€˜[01m[Kkd_dot_[m[Kâ€™ was not declared in this scope; did you mean â€˜[01m[Kqd_dot_[m[Kâ€™?
  508 |             qd_dot.data = J_inv_ * ([01;31m[Kkd_dot_[m[K + K_universal_ * ex_):
      |                                     [01;31m[K^~~~~~~[m[K
      |                                     [32m[Kqd_dot_[m[K
[01m[K/home/advrob/elfin_ws/src/edu-elfin_simulation/arm_controllers/src/reactive_controller.cpp:510:13:[m[K [01;31m[Kerror: [m[Kâ€˜[01m[Kqd_dot_old[m[Kâ€™ was not declared in this scope; did you mean â€˜[01m[Kqd_dot_[m[Kâ€™?
  510 |             [01;31m[Kqd_dot_old[m[K.data = qd_dot_.data;     // unused
      |             [01;31m[K^~~~~~~~~~[m[K
      |             [32m[Kqd_dot_[m[K
make[2]: *** [CMakeFiles/arm_controllers.dir/build.make:154: CMakeFiles/arm_controllers.dir/src/reactive_controller.cpp.o] Error 1
make[1]: *** [CMakeFiles/Makefile2:385: CMakeFiles/arm_controllers.dir/all] Error 2
make: *** [Makefile:141: all] Error 2
