[01m[K/home/advrob/elfin_ws/src/edu-elfin_simulation/arm_controllers/src/velocity_controller.cpp:[m[K In member function â€˜[01m[Kvoid arm_controllers::velocity_controller::commandCB(const Float64MultiArrayConstPtr&)[m[Kâ€™:
[01m[K/home/advrob/elfin_ws/src/edu-elfin_simulation/arm_controllers/src/velocity_controller.cpp:226:33:[m[K [01;31m[Kerror: [m[Kâ€˜[01m[Knum_taskspace[m[Kâ€™ was not declared in this scope
  226 |         if (msg->data.size() != [01;31m[Knum_taskspace[m[K)
      |                                 [01;31m[K^~~~~~~~~~~~~[m[K
[01m[K/home/advrob/elfin_ws/src/edu-elfin_simulation/arm_controllers/src/velocity_controller.cpp:232:29:[m[K [01;31m[Kerror: [m[Kâ€˜[01m[Knum_taskspace[m[Kâ€™ was not declared in this scope
  232 |         for (int i = 0; i < [01;31m[Knum_taskspace[m[K; i++)
      |                             [01;31m[K^~~~~~~~~~~~~[m[K
[01m[K/home/advrob/elfin_ws/src/edu-elfin_simulation/arm_controllers/src/velocity_controller.cpp:234:13:[m[K [01;31m[Kerror: [m[Kâ€˜[01m[Kx_cmd_[m[Kâ€™ was not declared in this scope
  234 |             [01;31m[Kx_cmd_[m[K(i) = msg->data[i];
      |             [01;31m[K^~~~~~[m[K
[01m[K/home/advrob/elfin_ws/src/edu-elfin_simulation/arm_controllers/src/velocity_controller.cpp:[m[K In member function â€˜[01m[Kvirtual void arm_controllers::velocity_controller::update(const ros::Time&, const ros::Duration&)[m[Kâ€™:
[01m[K/home/advrob/elfin_ws/src/edu-elfin_simulation/arm_controllers/src/velocity_controller.cpp:273:24:[m[K [01;31m[Kerror: [m[Kâ€˜[01m[Kx_cmd_[m[Kâ€™ was not declared in this scope
  273 |             xd_.p(0) = [01;31m[Kx_cmd_[m[K(0);
      |                        [01;31m[K^~~~~~[m[K
[01m[K/home/advrob/elfin_ws/src/edu-elfin_simulation/arm_controllers/src/velocity_controller.cpp:302:45:[m[K [01;31m[Kerror: [m[Kâ€˜[01m[Kxd_dot_[m[Kâ€™ was not declared in this scope; did you mean â€˜[01m[Kqd_dot_[m[Kâ€™?
  302 |         qd_.data = qd_old_.data + J_inv_ * ([01;31m[Kxd_dot_[m[K + K_tracking_ * ex_) * dt;
      |                                             [01;31m[K^~~~~~~[m[K
      |                                             [32m[Kqd_dot_[m[K
[01m[K/home/advrob/elfin_ws/src/edu-elfin_simulation/arm_controllers/src/velocity_controller.cpp:302:55:[m[K [01;31m[Kerror: [m[Kâ€˜[01m[KK_tracking_[m[Kâ€™ was not declared in this scope
  302 |         qd_.data = qd_old_.data + J_inv_ * (xd_dot_ + [01;31m[KK_tracking_[m[K * ex_) * dt;
      |                                                       [01;31m[K^~~~~~~~~~~[m[K
[01m[K/home/advrob/elfin_ws/src/edu-elfin_simulation/arm_controllers/src/velocity_controller.cpp:302:69:[m[K [01;31m[Kerror: [m[Kâ€˜[01m[Kex_[m[Kâ€™ was not declared in this scope; did you mean â€˜[01m[Ke_[m[Kâ€™?
  302 |         qd_.data = qd_old_.data + J_inv_ * (xd_dot_ + K_tracking_ * [01;31m[Kex_[m[K) * dt;
      |                                                                     [01;31m[K^~~[m[K
      |                                                                     [32m[Ke_[m[K
[01m[K/home/advrob/elfin_ws/src/edu-elfin_simulation/arm_controllers/src/velocity_controller.cpp:307:14:[m[K [01;31m[Kerror: [m[Kâ€˜[01m[Kjointspace[m[Kâ€™ was not declared in this scope; did you mean â€˜[01m[Kjoints_[m[Kâ€™?
  307 |         if (![01;31m[Kjointspace[m[K) {
      |              [01;31m[K^~~~~~~~~~[m[K
      |              [32m[Kjoints_[m[K
[01m[K/home/advrob/elfin_ws/src/edu-elfin_simulation/arm_controllers/src/velocity_controller.cpp:318:13:[m[K [01;31m[Kerror: [m[Kâ€˜[01m[Kex_dot_[m[Kâ€™ was not declared in this scope; did you mean â€˜[01m[Ke_dot_[m[Kâ€™?
  318 |             [01;31m[Kex_dot_[m[K = xd_dot_ - xdot_;
      |             [01;31m[K^~~~~~~[m[K
      |             [32m[Ke_dot_[m[K
[01m[K/home/advrob/elfin_ws/src/edu-elfin_simulation/arm_controllers/src/velocity_controller.cpp:318:33:[m[K [01;31m[Kerror: [m[Kâ€˜[01m[Kxdot_[m[Kâ€™ was not declared in this scope; did you mean â€˜[01m[Kqdot_[m[Kâ€™?
  318 |             ex_dot_ = xd_dot_ - [01;31m[Kxdot_[m[K;
      |                                 [01;31m[K^~~~~[m[K
      |                                 [32m[Kqdot_[m[K
[01m[K/home/advrob/elfin_ws/src/edu-elfin_simulation/arm_controllers/src/velocity_controller.cpp:320:13:[m[K [01;31m[Kerror: [m[Kâ€˜[01m[Kfk_pos_solver_[m[Kâ€™ was not declared in this scope
  320 |             [01;31m[Kfk_pos_solver_[m[K->JntToCart(qd_, xd_);
      |             [01;31m[K^~~~~~~~~~~~~~[m[K
[01m[K/home/advrob/elfin_ws/src/edu-elfin_simulation/arm_controllers/src/velocity_controller.cpp:321:47:[m[K [01;31m[Kerror: [m[Kâ€˜[01m[KJd_[m[Kâ€™ was not declared in this scope; did you mean â€˜[01m[KJ_[m[Kâ€™?
  321 |             jnt_to_jac_solver_->JntToJac(qd_, [01;31m[KJd_[m[K);
      |                                               [01;31m[K^~~[m[K
      |                                               [32m[KJ_[m[K
[01m[K/home/advrob/elfin_ws/src/edu-elfin_simulation/arm_controllers/src/velocity_controller.cpp:322:13:[m[K [01;31m[Kerror: [m[Kâ€˜[01m[KVd_[m[Kâ€™ was not declared in this scope; did you mean â€˜[01m[Kqd_[m[Kâ€™?
  322 |             [01;31m[KVd_[m[K = Jd_ * qd_dot;
      |             [01;31m[K^~~[m[K
      |             [32m[Kqd_[m[K
[01m[K/home/advrob/elfin_ws/src/edu-elfin_simulation/arm_controllers/src/velocity_controller.cpp:322:25:[m[K [01;31m[Kerror: [m[Kâ€˜[01m[Kqd_dot[m[Kâ€™ was not declared in this scope; did you mean â€˜[01m[Kqd_dot_[m[Kâ€™?
  322 |             Vd_ = Jd_ * [01;31m[Kqd_dot[m[K;
      |                         [01;31m[K^~~~~~[m[K
      |                         [32m[Kqd_dot_[m[K
make[2]: *** [CMakeFiles/arm_controllers.dir/build.make:141: CMakeFiles/arm_controllers.dir/src/velocity_controller.cpp.o] Error 1
make[1]: *** [CMakeFiles/Makefile2:385: CMakeFiles/arm_controllers.dir/all] Error 2
make: *** [Makefile:141: all] Error 2
